[Header]
2015-05-21 11:38:12,985 [1] INFO : University.Api.WebApiApplication.Application_Start [20]: - Application_Start - Called
2015-05-21 11:39:06,853 [8] INFO : University.Api.Controllers.AdminMessageController.Post [91]: - Admin Message HttpPost - Called
2015-05-21 11:39:58,104 [8] INFO : University.Api.Controllers.Log.Notify.PushNotify [93]: - path : C:\Nithin\ThinkVidya\Ameer\Projects\University.Api\Source\CORS\University.Api\University.Api\Resources\acku.p12
2015-05-21 11:39:58,105 [8] INFO : University.Api.Controllers.Log.Notify.PushNotify [94]: - DeviceType : APPLE
2015-05-21 11:39:58,134 [8] INFO : University.Api.Controllers.Log.Notify.PushNotify [102]: - 3237
2015-05-21 11:39:58,136 [8] INFO : University.Api.Controllers.Log.Notify.PushNotify [103]: - not null : System.Byte[]
2015-05-21 11:40:03,494 [6] INFO : University.Api.Controllers.Log.Notify.ChannelCreated [196]: - Channel Created for: PushSharp.Apple.ApplePushService
2015-05-21 11:40:03,545 [23] INFO : University.Api.Controllers.Log.Notify.NotificationFailed [171]: - Failure: PushSharp.Apple.ApplePushService -> Exception of type 'PushSharp.Apple.NotificationFailureException' was thrown. -> {"aps":{"alert":"Admin Admin has posted message ","badge":7,"sound":"sound.caf"}}
2015-05-21 11:40:26,608 [8] INFO : University.Api.Controllers.Log.Notify.PushNotify [93]: - path : C:\Nithin\ThinkVidya\Ameer\Projects\University.Api\Source\CORS\University.Api\University.Api\Resources\acku.p12
2015-05-21 11:40:26,609 [8] INFO : University.Api.Controllers.Log.Notify.PushNotify [94]: - DeviceType : APPLE
2015-05-21 11:40:26,610 [8] INFO : University.Api.Controllers.Log.Notify.PushNotify [102]: - 3237
2015-05-21 11:40:26,611 [8] INFO : University.Api.Controllers.Log.Notify.PushNotify [103]: - not null : System.Byte[]
2015-05-21 11:40:31,632 [11] INFO : University.Api.Controllers.Log.Notify.ChannelCreated [196]: - Channel Created for: PushSharp.Apple.ApplePushService
2015-05-21 11:40:31,665 [20] INFO : University.Api.Controllers.Log.Notify.NotificationFailed [171]: - Failure: PushSharp.Apple.ApplePushService -> Exception of type 'PushSharp.Apple.NotificationFailureException' was thrown. -> {"aps":{"alert":"Admin Admin has posted message ","badge":7,"sound":"sound.caf"}}
2015-05-21 11:40:31,799 [8] INFO : University.Api.Controllers.Log.Notify.PushNotify [93]: - path : C:\Nithin\ThinkVidya\Ameer\Projects\University.Api\Source\CORS\University.Api\University.Api\Resources\acku.p12
2015-05-21 11:40:31,800 [8] INFO : University.Api.Controllers.Log.Notify.PushNotify [94]: - DeviceType : APPLE
2015-05-21 11:40:31,800 [8] INFO : University.Api.Controllers.Log.Notify.PushNotify [102]: - 3237
2015-05-21 11:40:31,801 [8] INFO : University.Api.Controllers.Log.Notify.PushNotify [103]: - not null : System.Byte[]
2015-05-21 11:40:36,835 [11] INFO : University.Api.Controllers.Log.Notify.ChannelCreated [196]: - Channel Created for: PushSharp.Apple.ApplePushService
2015-05-21 11:40:36,867 [18] INFO : University.Api.Controllers.Log.Notify.NotificationFailed [171]: - Failure: PushSharp.Apple.ApplePushService -> Exception of type 'PushSharp.Apple.NotificationFailureException' was thrown. -> {"aps":{"alert":"Admin Admin has posted message ","badge":7,"sound":"sound.caf"}}
2015-05-21 11:40:37,004 [8] INFO : University.Api.Controllers.Log.Notify.PushNotify [93]: - path : C:\Nithin\ThinkVidya\Ameer\Projects\University.Api\Source\CORS\University.Api\University.Api\Resources\acku.p12
2015-05-21 11:40:37,004 [8] INFO : University.Api.Controllers.Log.Notify.PushNotify [94]: - DeviceType : APPLE
2015-05-21 11:40:37,005 [8] INFO : University.Api.Controllers.Log.Notify.PushNotify [102]: - 3237
2015-05-21 11:40:37,006 [8] INFO : University.Api.Controllers.Log.Notify.PushNotify [103]: - not null : System.Byte[]
2015-05-21 11:40:42,039 [19] INFO : University.Api.Controllers.Log.Notify.ChannelCreated [196]: - Channel Created for: PushSharp.Apple.ApplePushService
2015-05-21 11:40:42,091 [21] INFO : University.Api.Controllers.Log.Notify.NotificationFailed [171]: - Failure: PushSharp.Apple.ApplePushService -> Exception of type 'PushSharp.Apple.NotificationFailureException' was thrown. -> {"aps":{"alert":"Admin Admin has posted message ","badge":7,"sound":"sound.caf"}}
2015-05-21 11:40:42,220 [8] INFO : University.Api.Controllers.Log.Notify.PushNotify [93]: - path : C:\Nithin\ThinkVidya\Ameer\Projects\University.Api\Source\CORS\University.Api\University.Api\Resources\acku.p12
2015-05-21 11:40:42,221 [8] INFO : University.Api.Controllers.Log.Notify.PushNotify [94]: - DeviceType : APPLE
2015-05-21 11:40:42,222 [8] INFO : University.Api.Controllers.Log.Notify.PushNotify [102]: - 3237
2015-05-21 11:40:42,222 [8] INFO : University.Api.Controllers.Log.Notify.PushNotify [103]: - not null : System.Byte[]
2015-05-21 11:40:47,243 [11] INFO : University.Api.Controllers.Log.Notify.ChannelCreated [196]: - Channel Created for: PushSharp.Apple.ApplePushService
2015-05-21 11:40:47,277 [13] INFO : University.Api.Controllers.Log.Notify.NotificationFailed [171]: - Failure: PushSharp.Apple.ApplePushService -> Exception of type 'PushSharp.Apple.NotificationFailureException' was thrown. -> {"aps":{"alert":"Admin Admin has posted message ","badge":7,"sound":"sound.caf"}}
2015-05-21 11:40:47,389 [8] INFO : University.Api.Controllers.Log.Notify.PushNotify [93]: - path : C:\Nithin\ThinkVidya\Ameer\Projects\University.Api\Source\CORS\University.Api\University.Api\Resources\acku.p12
2015-05-21 11:40:47,390 [8] INFO : University.Api.Controllers.Log.Notify.PushNotify [94]: - DeviceType : APPLE
2015-05-21 11:40:47,391 [8] INFO : University.Api.Controllers.Log.Notify.PushNotify [102]: - 3237
2015-05-21 11:40:47,391 [8] INFO : University.Api.Controllers.Log.Notify.PushNotify [103]: - not null : System.Byte[]
2015-05-21 11:40:52,412 [12] INFO : University.Api.Controllers.Log.Notify.ChannelCreated [196]: - Channel Created for: PushSharp.Apple.ApplePushService
2015-05-21 11:40:52,444 [22] INFO : University.Api.Controllers.Log.Notify.NotificationFailed [171]: - Failure: PushSharp.Apple.ApplePushService -> Exception of type 'PushSharp.Apple.NotificationFailureException' was thrown. -> {"aps":{"alert":"Admin Admin has posted message ","badge":7,"sound":"sound.caf"}}
2015-05-21 11:40:52,627 [8] INFO : University.Api.Controllers.Log.Notify.PushNotify [93]: - path : C:\Nithin\ThinkVidya\Ameer\Projects\University.Api\Source\CORS\University.Api\University.Api\Resources\acku.p12
2015-05-21 11:40:52,628 [8] INFO : University.Api.Controllers.Log.Notify.PushNotify [94]: - DeviceType : APPLE
2015-05-21 11:40:52,629 [8] INFO : University.Api.Controllers.Log.Notify.PushNotify [102]: - 3237
2015-05-21 11:40:52,629 [8] INFO : University.Api.Controllers.Log.Notify.PushNotify [103]: - not null : System.Byte[]
2015-05-21 11:40:57,665 [11] INFO : University.Api.Controllers.Log.Notify.ChannelCreated [196]: - Channel Created for: PushSharp.Apple.ApplePushService
2015-05-21 11:40:57,701 [5] INFO : University.Api.Controllers.Log.Notify.NotificationFailed [171]: - Failure: PushSharp.Apple.ApplePushService -> Exception of type 'PushSharp.Apple.NotificationFailureException' was thrown. -> {"aps":{"alert":"Admin Admin has posted message ","badge":7,"sound":"sound.caf"}}
2015-05-21 11:40:57,828 [8] INFO : University.Api.Controllers.Log.Notify.PushNotify [93]: - path : C:\Nithin\ThinkVidya\Ameer\Projects\University.Api\Source\CORS\University.Api\University.Api\Resources\acku.p12
2015-05-21 11:40:57,828 [8] INFO : University.Api.Controllers.Log.Notify.PushNotify [94]: - DeviceType : APPLE
2015-05-21 11:40:57,829 [8] INFO : University.Api.Controllers.Log.Notify.PushNotify [102]: - 3237
2015-05-21 11:40:57,830 [8] INFO : University.Api.Controllers.Log.Notify.PushNotify [103]: - not null : System.Byte[]
2015-05-21 11:41:02,850 [12] INFO : University.Api.Controllers.Log.Notify.ChannelCreated [196]: - Channel Created for: PushSharp.Apple.ApplePushService
2015-05-21 11:41:02,902 [15] INFO : University.Api.Controllers.Log.Notify.NotificationFailed [171]: - Failure: PushSharp.Apple.ApplePushService -> Exception of type 'PushSharp.Apple.NotificationFailureException' was thrown. -> {"aps":{"alert":"Admin Admin has posted message ","badge":7,"sound":"sound.caf"}}
2015-05-21 11:41:05,713 [19] INFO : University.Api.Controllers.AdminMessageController.Post [91]: - Admin Message HttpPost - Called
2015-05-21 11:41:05,769 [8] INFO : University.Api.Controllers.Log.Notify.PushNotify [93]: - path : C:\Nithin\ThinkVidya\Ameer\Projects\University.Api\Source\CORS\University.Api\University.Api\Resources\acku.p12
2015-05-21 11:41:06,199 [8] INFO : University.Api.Controllers.Log.Notify.PushNotify [94]: - DeviceType : APPLE
2015-05-21 11:41:06,214 [8] INFO : University.Api.Controllers.Log.Notify.PushNotify [102]: - 3237
2015-05-21 11:41:06,215 [8] INFO : University.Api.Controllers.Log.Notify.PushNotify [103]: - not null : System.Byte[]
2015-05-21 11:41:13,271 [11] INFO : University.Api.Controllers.Log.Notify.ChannelCreated [196]: - Channel Created for: PushSharp.Apple.ApplePushService
2015-05-21 11:41:13,294 [27] INFO : University.Api.Controllers.Log.Notify.NotificationFailed [171]: - Failure: PushSharp.Apple.ApplePushService -> Exception of type 'PushSharp.Apple.NotificationFailureException' was thrown. -> {"aps":{"alert":"Admin Admin has posted message ","badge":7,"sound":"sound.caf"}}
2015-05-21 11:41:24,061 [19] INFO : University.Api.Controllers.Log.Notify.PushNotify [93]: - path : C:\Nithin\ThinkVidya\Ameer\Projects\University.Api\Source\CORS\University.Api\University.Api\Resources\acku.p12
2015-05-21 11:41:24,090 [19] INFO : University.Api.Controllers.Log.Notify.PushNotify [94]: - DeviceType : APPLE
2015-05-21 11:41:24,118 [19] INFO : University.Api.Controllers.Log.Notify.PushNotify [102]: - 3237
2015-05-21 11:41:24,123 [19] INFO : University.Api.Controllers.Log.Notify.PushNotify [103]: - not null : System.Byte[]
2015-05-21 11:41:33,319 [8] INFO : University.Api.Controllers.Log.Notify.PushNotify [93]: - path : C:\Nithin\ThinkVidya\Ameer\Projects\University.Api\Source\CORS\University.Api\University.Api\Resources\acku.p12
2015-05-21 11:41:33,321 [8] INFO : University.Api.Controllers.Log.Notify.PushNotify [94]: - DeviceType : APPLE
2015-05-21 11:41:33,324 [8] INFO : University.Api.Controllers.Log.Notify.PushNotify [102]: - 3237
2015-05-21 11:41:33,327 [8] INFO : University.Api.Controllers.Log.Notify.PushNotify [103]: - not null : System.Byte[]
2015-05-21 11:41:34,268 [33] INFO : University.Api.Controllers.Log.Notify.ChannelCreated [196]: - Channel Created for: PushSharp.Apple.ApplePushService
2015-05-21 11:41:34,332 [34] INFO : University.Api.Controllers.Log.Notify.NotificationFailed [171]: - Failure: PushSharp.Apple.ApplePushService -> Exception of type 'PushSharp.Apple.NotificationFailureException' was thrown. -> {"aps":{"alert":"Admin Admin has posted message ","badge":7,"sound":"sound.caf"}}
2015-05-21 11:41:35,412 [19] INFO : University.Api.Controllers.Log.Notify.PushNotify [93]: - path : C:\Nithin\ThinkVidya\Ameer\Projects\University.Api\Source\CORS\University.Api\University.Api\Resources\acku.p12
2015-05-21 11:41:35,413 [19] INFO : University.Api.Controllers.Log.Notify.PushNotify [94]: - DeviceType : APPLE
2015-05-21 11:41:35,413 [19] INFO : University.Api.Controllers.Log.Notify.PushNotify [102]: - 3237
2015-05-21 11:41:35,414 [19] INFO : University.Api.Controllers.Log.Notify.PushNotify [103]: - not null : System.Byte[]
2015-05-21 11:41:38,368 [33] INFO : University.Api.Controllers.Log.Notify.ChannelCreated [196]: - Channel Created for: PushSharp.Apple.ApplePushService
2015-05-21 11:41:38,402 [35] INFO : University.Api.Controllers.Log.Notify.NotificationFailed [171]: - Failure: PushSharp.Apple.ApplePushService -> Exception of type 'PushSharp.Apple.NotificationFailureException' was thrown. -> {"aps":{"alert":"Admin Admin has posted message ","badge":7,"sound":"sound.caf"}}
2015-05-21 11:41:45,454 [9] INFO : University.Api.Controllers.Log.Notify.ChannelCreated [196]: - Channel Created for: PushSharp.Apple.ApplePushService
2015-05-21 11:41:45,481 [37] INFO : University.Api.Controllers.Log.Notify.NotificationFailed [171]: - Failure: PushSharp.Apple.ApplePushService -> Exception of type 'PushSharp.Apple.NotificationFailureException' was thrown. -> {"aps":{"alert":"Admin Admin has posted message ","badge":7,"sound":"sound.caf"}}
2015-05-21 11:41:47,863 [19] INFO : University.Api.Controllers.Log.Notify.PushNotify [93]: - path : C:\Nithin\ThinkVidya\Ameer\Projects\University.Api\Source\CORS\University.Api\University.Api\Resources\acku.p12
2015-05-21 11:41:47,879 [19] INFO : University.Api.Controllers.Log.Notify.PushNotify [94]: - DeviceType : APPLE
2015-05-21 11:41:48,221 [19] INFO : University.Api.Controllers.Log.Notify.PushNotify [102]: - 3237
2015-05-21 11:41:48,262 [19] INFO : University.Api.Controllers.Log.Notify.PushNotify [103]: - not null : System.Byte[]
2015-05-21 11:41:48,284 [8] INFO : University.Api.Controllers.Log.Notify.PushNotify [93]: - path : C:\Nithin\ThinkVidya\Ameer\Projects\University.Api\Source\CORS\University.Api\University.Api\Resources\acku.p12
2015-05-21 11:41:48,284 [8] INFO : University.Api.Controllers.Log.Notify.PushNotify [94]: - DeviceType : APPLE
2015-05-21 11:41:48,285 [8] INFO : University.Api.Controllers.Log.Notify.PushNotify [102]: - 3237
2015-05-21 11:41:48,286 [8] INFO : University.Api.Controllers.Log.Notify.PushNotify [103]: - not null : System.Byte[]
2015-05-21 11:41:53,320 [41] INFO : University.Api.Controllers.Log.Notify.ChannelCreated [196]: - Channel Created for: PushSharp.Apple.ApplePushService
2015-05-21 11:41:53,326 [42] INFO : University.Api.Controllers.Log.Notify.ChannelCreated [196]: - Channel Created for: PushSharp.Apple.ApplePushService
2015-05-21 11:41:53,384 [46] INFO : University.Api.Controllers.Log.Notify.NotificationFailed [171]: - Failure: PushSharp.Apple.ApplePushService -> Exception of type 'PushSharp.Apple.NotificationFailureException' was thrown. -> {"aps":{"alert":"Admin Admin has posted message ","badge":7,"sound":"sound.caf"}}
2015-05-21 11:41:53,392 [45] INFO : University.Api.Controllers.Log.Notify.NotificationFailed [171]: - Failure: PushSharp.Apple.ApplePushService -> Exception of type 'PushSharp.Apple.NotificationFailureException' was thrown. -> {"aps":{"alert":"Admin Admin has posted message ","badge":7,"sound":"sound.caf"}}
2015-05-21 11:41:58,244 [19] INFO : University.Api.Controllers.Log.Notify.PushNotify [93]: - path : C:\Nithin\ThinkVidya\Ameer\Projects\University.Api\Source\CORS\University.Api\University.Api\Resources\acku.p12
2015-05-21 11:41:58,245 [19] INFO : University.Api.Controllers.Log.Notify.PushNotify [94]: - DeviceType : APPLE
2015-05-21 11:41:58,244 [8] INFO : University.Api.Controllers.Log.Notify.PushNotify [93]: - path : C:\Nithin\ThinkVidya\Ameer\Projects\University.Api\Source\CORS\University.Api\University.Api\Resources\acku.p12
2015-05-21 11:41:58,245 [8] INFO : University.Api.Controllers.Log.Notify.PushNotify [94]: - DeviceType : APPLE
2015-05-21 11:41:58,245 [19] INFO : University.Api.Controllers.Log.Notify.PushNotify [102]: - 3237
2015-05-21 11:41:58,246 [19] INFO : University.Api.Controllers.Log.Notify.PushNotify [103]: - not null : System.Byte[]
2015-05-21 11:41:58,246 [8] INFO : University.Api.Controllers.Log.Notify.PushNotify [102]: - 3237
2015-05-21 11:41:58,248 [8] INFO : University.Api.Controllers.Log.Notify.PushNotify [103]: - not null : System.Byte[]
2015-05-21 11:42:03,273 [42] INFO : University.Api.Controllers.Log.Notify.ChannelCreated [196]: - Channel Created for: PushSharp.Apple.ApplePushService
2015-05-21 11:42:03,305 [9] INFO : University.Api.Controllers.Log.Notify.ChannelCreated [196]: - Channel Created for: PushSharp.Apple.ApplePushService
2015-05-21 11:42:03,306 [48] INFO : University.Api.Controllers.Log.Notify.NotificationFailed [171]: - Failure: PushSharp.Apple.ApplePushService -> Exception of type 'PushSharp.Apple.NotificationFailureException' was thrown. -> {"aps":{"alert":"Admin Admin has posted message ","badge":7,"sound":"sound.caf"}}
2015-05-21 11:42:03,323 [49] INFO : University.Api.Controllers.Log.Notify.NotificationFailed [171]: - Failure: PushSharp.Apple.ApplePushService -> Exception of type 'PushSharp.Apple.NotificationFailureException' was thrown. -> {"aps":{"alert":"Admin Admin has posted message ","badge":7,"sound":"sound.caf"}}
2015-05-21 11:42:03,477 [19] INFO : University.Api.Controllers.Log.Notify.PushNotify [93]: - path : C:\Nithin\ThinkVidya\Ameer\Projects\University.Api\Source\CORS\University.Api\University.Api\Resources\acku.p12
2015-05-21 11:42:03,491 [19] INFO : University.Api.Controllers.Log.Notify.PushNotify [94]: - DeviceType : APPLE
2015-05-21 11:42:03,491 [8] INFO : University.Api.Controllers.Log.Notify.PushNotify [93]: - path : C:\Nithin\ThinkVidya\Ameer\Projects\University.Api\Source\CORS\University.Api\University.Api\Resources\acku.p12
2015-05-21 11:42:03,493 [8] INFO : University.Api.Controllers.Log.Notify.PushNotify [94]: - DeviceType : APPLE
2015-05-21 11:42:03,492 [19] INFO : University.Api.Controllers.Log.Notify.PushNotify [102]: - 3237
2015-05-21 11:42:03,494 [19] INFO : University.Api.Controllers.Log.Notify.PushNotify [103]: - not null : System.Byte[]
2015-05-21 11:42:03,494 [8] INFO : University.Api.Controllers.Log.Notify.PushNotify [102]: - 3237
2015-05-21 11:42:03,495 [8] INFO : University.Api.Controllers.Log.Notify.PushNotify [103]: - not null : System.Byte[]
2015-05-21 11:42:08,537 [40] INFO : University.Api.Controllers.Log.Notify.ChannelCreated [196]: - Channel Created for: PushSharp.Apple.ApplePushService
2015-05-21 11:42:08,538 [39] INFO : University.Api.Controllers.Log.Notify.ChannelCreated [196]: - Channel Created for: PushSharp.Apple.ApplePushService
2015-05-21 11:42:08,597 [51] INFO : University.Api.Controllers.Log.Notify.NotificationFailed [171]: - Failure: PushSharp.Apple.ApplePushService -> Exception of type 'PushSharp.Apple.NotificationFailureException' was thrown. -> {"aps":{"alert":"Admin Admin has posted message ","badge":7,"sound":"sound.caf"}}
2015-05-21 11:42:08,597 [50] INFO : University.Api.Controllers.Log.Notify.NotificationFailed [171]: - Failure: PushSharp.Apple.ApplePushService -> Exception of type 'PushSharp.Apple.NotificationFailureException' was thrown. -> {"aps":{"alert":"Admin Admin has posted message ","badge":7,"sound":"sound.caf"}}
2015-05-21 11:42:08,748 [8] INFO : University.Api.Controllers.Log.Notify.PushNotify [93]: - path : C:\Nithin\ThinkVidya\Ameer\Projects\University.Api\Source\CORS\University.Api\University.Api\Resources\acku.p12
2015-05-21 11:42:08,749 [8] INFO : University.Api.Controllers.Log.Notify.PushNotify [94]: - DeviceType : APPLE
2015-05-21 11:42:08,750 [8] INFO : University.Api.Controllers.Log.Notify.PushNotify [102]: - 3237
2015-05-21 11:42:08,750 [8] INFO : University.Api.Controllers.Log.Notify.PushNotify [103]: - not null : System.Byte[]
2015-05-21 11:42:08,805 [19] INFO : University.Api.Controllers.Log.Notify.PushNotify [93]: - path : C:\Nithin\ThinkVidya\Ameer\Projects\University.Api\Source\CORS\University.Api\University.Api\Resources\acku.p12
2015-05-21 11:42:08,806 [19] INFO : University.Api.Controllers.Log.Notify.PushNotify [94]: - DeviceType : APPLE
2015-05-21 11:42:08,806 [19] INFO : University.Api.Controllers.Log.Notify.PushNotify [102]: - 3237
2015-05-21 11:42:08,807 [19] INFO : University.Api.Controllers.Log.Notify.PushNotify [103]: - not null : System.Byte[]
2015-05-21 11:42:13,818 [41] INFO : University.Api.Controllers.Log.Notify.ChannelCreated [196]: - Channel Created for: PushSharp.Apple.ApplePushService
2015-05-21 11:42:13,850 [25] INFO : University.Api.Controllers.Log.Notify.NotificationFailed [171]: - Failure: PushSharp.Apple.ApplePushService -> Exception of type 'PushSharp.Apple.NotificationFailureException' was thrown. -> {"aps":{"alert":"Admin Admin has posted message ","badge":7,"sound":"sound.caf"}}
2015-05-21 11:42:13,852 [33] INFO : University.Api.Controllers.Log.Notify.ChannelCreated [196]: - Channel Created for: PushSharp.Apple.ApplePushService
2015-05-21 11:42:13,878 [30] INFO : University.Api.Controllers.Log.Notify.NotificationFailed [171]: - Failure: PushSharp.Apple.ApplePushService -> Exception of type 'PushSharp.Apple.NotificationFailureException' was thrown. -> {"aps":{"alert":"Admin Admin has posted message ","badge":7,"sound":"sound.caf"}}
2015-05-21 11:42:14,060 [8] INFO : University.Api.Controllers.Log.Notify.PushNotify [93]: - path : C:\Nithin\ThinkVidya\Ameer\Projects\University.Api\Source\CORS\University.Api\University.Api\Resources\acku.p12
2015-05-21 11:42:14,061 [8] INFO : University.Api.Controllers.Log.Notify.PushNotify [94]: - DeviceType : APPLE
2015-05-21 11:42:14,060 [19] INFO : University.Api.Controllers.Log.Notify.PushNotify [93]: - path : C:\Nithin\ThinkVidya\Ameer\Projects\University.Api\Source\CORS\University.Api\University.Api\Resources\acku.p12
2015-05-21 11:42:14,062 [19] INFO : University.Api.Controllers.Log.Notify.PushNotify [94]: - DeviceType : APPLE
2015-05-21 11:42:14,061 [8] INFO : University.Api.Controllers.Log.Notify.PushNotify [102]: - 3237
2015-05-21 11:42:14,063 [8] INFO : University.Api.Controllers.Log.Notify.PushNotify [103]: - not null : System.Byte[]
2015-05-21 11:42:14,062 [19] INFO : University.Api.Controllers.Log.Notify.PushNotify [102]: - 3237
2015-05-21 11:42:14,064 [19] INFO : University.Api.Controllers.Log.Notify.PushNotify [103]: - not null : System.Byte[]
2015-05-21 11:42:19,119 [40] INFO : University.Api.Controllers.Log.Notify.ChannelCreated [196]: - Channel Created for: PushSharp.Apple.ApplePushService
2015-05-21 11:42:19,126 [39] INFO : University.Api.Controllers.Log.Notify.ChannelCreated [196]: - Channel Created for: PushSharp.Apple.ApplePushService
2015-05-21 11:42:19,195 [28] INFO : University.Api.Controllers.Log.Notify.NotificationFailed [171]: - Failure: PushSharp.Apple.ApplePushService -> Exception of type 'PushSharp.Apple.NotificationFailureException' was thrown. -> {"aps":{"alert":"Admin Admin has posted message ","badge":7,"sound":"sound.caf"}}
2015-05-21 11:42:19,223 [29] INFO : University.Api.Controllers.Log.Notify.NotificationFailed [171]: - Failure: PushSharp.Apple.ApplePushService -> Exception of type 'PushSharp.Apple.NotificationFailureException' was thrown. -> {"aps":{"alert":"Admin Admin has posted message ","badge":7,"sound":"sound.caf"}}
2015-05-21 11:42:19,344 [19] INFO : University.Api.Controllers.Log.Notify.PushNotify [93]: - path : C:\Nithin\ThinkVidya\Ameer\Projects\University.Api\Source\CORS\University.Api\University.Api\Resources\acku.p12
2015-05-21 11:42:19,359 [19] INFO : University.Api.Controllers.Log.Notify.PushNotify [94]: - DeviceType : APPLE
2015-05-21 11:42:19,372 [19] INFO : University.Api.Controllers.Log.Notify.PushNotify [102]: - 3237
2015-05-21 11:42:19,373 [19] INFO : University.Api.Controllers.Log.Notify.PushNotify [103]: - not null : System.Byte[]
2015-05-21 11:42:19,423 [8] INFO : University.Api.Controllers.Log.Notify.PushNotify [93]: - path : C:\Nithin\ThinkVidya\Ameer\Projects\University.Api\Source\CORS\University.Api\University.Api\Resources\acku.p12
2015-05-21 11:42:19,424 [8] INFO : University.Api.Controllers.Log.Notify.PushNotify [94]: - DeviceType : APPLE
2015-05-21 11:42:19,425 [8] INFO : University.Api.Controllers.Log.Notify.PushNotify [102]: - 3237
2015-05-21 11:42:19,425 [8] INFO : University.Api.Controllers.Log.Notify.PushNotify [103]: - not null : System.Byte[]
2015-05-21 11:42:24,418 [41] INFO : University.Api.Controllers.Log.Notify.ChannelCreated [196]: - Channel Created for: PushSharp.Apple.ApplePushService
2015-05-21 11:42:24,451 [32] INFO : University.Api.Controllers.Log.Notify.NotificationFailed [171]: - Failure: PushSharp.Apple.ApplePushService -> Exception of type 'PushSharp.Apple.NotificationFailureException' was thrown. -> {"aps":{"alert":"Admin Admin has posted message ","badge":7,"sound":"sound.caf"}}
2015-05-21 11:42:24,452 [40] INFO : University.Api.Controllers.Log.Notify.ChannelCreated [196]: - Channel Created for: PushSharp.Apple.ApplePushService
2015-05-21 11:42:24,471 [52] INFO : University.Api.Controllers.Log.Notify.NotificationFailed [171]: - Failure: PushSharp.Apple.ApplePushService -> Exception of type 'PushSharp.Apple.NotificationFailureException' was thrown. -> {"aps":{"alert":"Admin Admin has posted message ","badge":7,"sound":"sound.caf"}}
2015-05-21 11:42:24,523 [8] INFO : University.Api.Controllers.Log.Notify.PushNotify [93]: - path : C:\Nithin\ThinkVidya\Ameer\Projects\University.Api\Source\CORS\University.Api\University.Api\Resources\acku.p12
2015-05-21 11:42:24,524 [8] INFO : University.Api.Controllers.Log.Notify.PushNotify [94]: - DeviceType : APPLE
2015-05-21 11:42:24,524 [8] INFO : University.Api.Controllers.Log.Notify.PushNotify [102]: - 3237
2015-05-21 11:42:24,525 [8] INFO : University.Api.Controllers.Log.Notify.PushNotify [103]: - not null : System.Byte[]
2015-05-21 11:42:24,597 [19] INFO : University.Api.Controllers.Log.Notify.PushNotify [93]: - path : C:\Nithin\ThinkVidya\Ameer\Projects\University.Api\Source\CORS\University.Api\University.Api\Resources\acku.p12
2015-05-21 11:42:24,598 [19] INFO : University.Api.Controllers.Log.Notify.PushNotify [94]: - DeviceType : APPLE
2015-05-21 11:42:24,598 [19] INFO : University.Api.Controllers.Log.Notify.PushNotify [102]: - 3237
2015-05-21 11:42:24,599 [19] INFO : University.Api.Controllers.Log.Notify.PushNotify [103]: - not null : System.Byte[]
2015-05-21 11:42:29,613 [40] INFO : University.Api.Controllers.Log.Notify.ChannelCreated [196]: - Channel Created for: PushSharp.Apple.ApplePushService
2015-05-21 11:42:29,643 [53] INFO : University.Api.Controllers.Log.Notify.NotificationFailed [171]: - Failure: PushSharp.Apple.ApplePushService -> Exception of type 'PushSharp.Apple.NotificationFailureException' was thrown. -> {"aps":{"alert":"Admin Admin has posted message ","badge":7,"sound":"sound.caf"}}
2015-05-21 11:42:29,643 [42] INFO : University.Api.Controllers.Log.Notify.ChannelCreated [196]: - Channel Created for: PushSharp.Apple.ApplePushService
2015-05-21 11:42:29,657 [54] INFO : University.Api.Controllers.Log.Notify.NotificationFailed [171]: - Failure: PushSharp.Apple.ApplePushService -> Exception of type 'PushSharp.Apple.NotificationFailureException' was thrown. -> {"aps":{"alert":"Admin Admin has posted message ","badge":7,"sound":"sound.caf"}}
2015-05-21 11:42:29,839 [8] INFO : University.Api.Controllers.Log.Notify.PushNotify [93]: - path : C:\Nithin\ThinkVidya\Ameer\Projects\University.Api\Source\CORS\University.Api\University.Api\Resources\acku.p12
2015-05-21 11:42:29,840 [8] INFO : University.Api.Controllers.Log.Notify.PushNotify [94]: - DeviceType : APPLE
2015-05-21 11:42:29,839 [19] INFO : University.Api.Controllers.Log.Notify.PushNotify [93]: - path : C:\Nithin\ThinkVidya\Ameer\Projects\University.Api\Source\CORS\University.Api\University.Api\Resources\acku.p12
2015-05-21 11:42:29,841 [19] INFO : University.Api.Controllers.Log.Notify.PushNotify [94]: - DeviceType : APPLE
2015-05-21 11:42:29,840 [8] INFO : University.Api.Controllers.Log.Notify.PushNotify [102]: - 3237
2015-05-21 11:42:29,842 [8] INFO : University.Api.Controllers.Log.Notify.PushNotify [103]: - not null : System.Byte[]
2015-05-21 11:42:29,841 [19] INFO : University.Api.Controllers.Log.Notify.PushNotify [102]: - 3237
2015-05-21 11:42:29,842 [19] INFO : University.Api.Controllers.Log.Notify.PushNotify [103]: - not null : System.Byte[]
2015-05-21 11:42:34,867 [43] INFO : University.Api.Controllers.Log.Notify.ChannelCreated [196]: - Channel Created for: PushSharp.Apple.ApplePushService
2015-05-21 11:42:34,888 [42] INFO : University.Api.Controllers.Log.Notify.ChannelCreated [196]: - Channel Created for: PushSharp.Apple.ApplePushService
2015-05-21 11:42:34,920 [56] INFO : University.Api.Controllers.Log.Notify.NotificationFailed [171]: - Failure: PushSharp.Apple.ApplePushService -> Exception of type 'PushSharp.Apple.NotificationFailureException' was thrown. -> {"aps":{"alert":"Admin Admin has posted message ","badge":7,"sound":"sound.caf"}}
2015-05-21 11:42:34,940 [55] INFO : University.Api.Controllers.Log.Notify.NotificationFailed [171]: - Failure: PushSharp.Apple.ApplePushService -> Exception of type 'PushSharp.Apple.NotificationFailureException' was thrown. -> {"aps":{"alert":"Admin Admin has posted message ","badge":7,"sound":"sound.caf"}}
2015-05-21 11:42:35,052 [19] INFO : University.Api.Controllers.Log.Notify.PushNotify [93]: - path : C:\Nithin\ThinkVidya\Ameer\Projects\University.Api\Source\CORS\University.Api\University.Api\Resources\acku.p12
2015-05-21 11:42:35,053 [19] INFO : University.Api.Controllers.Log.Notify.PushNotify [94]: - DeviceType : APPLE
2015-05-21 11:42:35,054 [19] INFO : University.Api.Controllers.Log.Notify.PushNotify [102]: - 3237
2015-05-21 11:42:35,087 [19] INFO : University.Api.Controllers.Log.Notify.PushNotify [103]: - not null : System.Byte[]
2015-05-21 11:42:35,087 [8] INFO : University.Api.Controllers.Log.Notify.PushNotify [93]: - path : C:\Nithin\ThinkVidya\Ameer\Projects\University.Api\Source\CORS\University.Api\University.Api\Resources\acku.p12
2015-05-21 11:42:35,088 [8] INFO : University.Api.Controllers.Log.Notify.PushNotify [94]: - DeviceType : APPLE
2015-05-21 11:42:35,089 [8] INFO : University.Api.Controllers.Log.Notify.PushNotify [102]: - 3237
2015-05-21 11:42:35,089 [8] INFO : University.Api.Controllers.Log.Notify.PushNotify [103]: - not null : System.Byte[]
2015-05-21 11:42:40,132 [41] INFO : University.Api.Controllers.Log.Notify.ChannelCreated [196]: - Channel Created for: PushSharp.Apple.ApplePushService
2015-05-21 11:42:40,138 [43] INFO : University.Api.Controllers.Log.Notify.ChannelCreated [196]: - Channel Created for: PushSharp.Apple.ApplePushService
2015-05-21 11:42:40,202 [57] INFO : University.Api.Controllers.Log.Notify.NotificationFailed [171]: - Failure: PushSharp.Apple.ApplePushService -> Exception of type 'PushSharp.Apple.NotificationFailureException' was thrown. -> {"aps":{"alert":"Admin Admin has posted message ","badge":7,"sound":"sound.caf"}}
2015-05-21 11:42:40,229 [58] INFO : University.Api.Controllers.Log.Notify.NotificationFailed [171]: - Failure: PushSharp.Apple.ApplePushService -> Exception of type 'PushSharp.Apple.NotificationFailureException' was thrown. -> {"aps":{"alert":"Admin Admin has posted message ","badge":7,"sound":"sound.caf"}}
2015-05-21 11:42:40,368 [19] INFO : University.Api.Controllers.Log.Notify.PushNotify [93]: - path : C:\Nithin\ThinkVidya\Ameer\Projects\University.Api\Source\CORS\University.Api\University.Api\Resources\acku.p12
2015-05-21 11:42:40,369 [19] INFO : University.Api.Controllers.Log.Notify.PushNotify [94]: - DeviceType : APPLE
2015-05-21 11:42:40,383 [19] INFO : University.Api.Controllers.Log.Notify.PushNotify [102]: - 3237
2015-05-21 11:42:40,384 [8] INFO : University.Api.Controllers.Log.Notify.PushNotify [93]: - path : C:\Nithin\ThinkVidya\Ameer\Projects\University.Api\Source\CORS\University.Api\University.Api\Resources\acku.p12
2015-05-21 11:42:40,385 [8] INFO : University.Api.Controllers.Log.Notify.PushNotify [94]: - DeviceType : APPLE
2015-05-21 11:42:40,384 [19] INFO : University.Api.Controllers.Log.Notify.PushNotify [103]: - not null : System.Byte[]
2015-05-21 11:42:40,386 [8] INFO : University.Api.Controllers.Log.Notify.PushNotify [102]: - 3237
2015-05-21 11:42:40,387 [8] INFO : University.Api.Controllers.Log.Notify.PushNotify [103]: - not null : System.Byte[]
2015-05-21 11:42:45,412 [41] INFO : University.Api.Controllers.Log.Notify.ChannelCreated [196]: - Channel Created for: PushSharp.Apple.ApplePushService
2015-05-21 11:42:45,439 [39] INFO : University.Api.Controllers.Log.Notify.ChannelCreated [196]: - Channel Created for: PushSharp.Apple.ApplePushService
2015-05-21 11:42:45,465 [59] INFO : University.Api.Controllers.Log.Notify.NotificationFailed [171]: - Failure: PushSharp.Apple.ApplePushService -> Exception of type 'PushSharp.Apple.NotificationFailureException' was thrown. -> {"aps":{"alert":"Admin Admin has posted message ","badge":7,"sound":"sound.caf"}}
2015-05-21 11:42:45,494 [60] INFO : University.Api.Controllers.Log.Notify.NotificationFailed [171]: - Failure: PushSharp.Apple.ApplePushService -> Exception of type 'PushSharp.Apple.NotificationFailureException' was thrown. -> {"aps":{"alert":"Admin Admin has posted message ","badge":7,"sound":"sound.caf"}}
2015-05-21 11:42:45,655 [19] INFO : University.Api.Controllers.Log.Notify.PushNotify [93]: - path : C:\Nithin\ThinkVidya\Ameer\Projects\University.Api\Source\CORS\University.Api\University.Api\Resources\acku.p12
2015-05-21 11:42:45,656 [19] INFO : University.Api.Controllers.Log.Notify.PushNotify [94]: - DeviceType : APPLE
2015-05-21 11:42:45,669 [19] INFO : University.Api.Controllers.Log.Notify.PushNotify [102]: - 3237
2015-05-21 11:42:45,670 [19] INFO : University.Api.Controllers.Log.Notify.PushNotify [103]: - not null : System.Byte[]
2015-05-21 11:43:08,799 [9] INFO : University.Api.Controllers.Log.Notify.ChannelCreated [196]: - Channel Created for: PushSharp.Apple.ApplePushService
2015-05-21 11:43:09,276 [64] INFO : University.Api.Controllers.Log.Notify.NotificationFailed [171]: - Failure: PushSharp.Apple.ApplePushService -> Exception of type 'PushSharp.Apple.NotificationFailureException' was thrown. -> {"aps":{"alert":"Admin Admin has posted message ","badge":7,"sound":"sound.caf"}}
2015-05-21 11:43:09,277 [8] WARN : University.Api.Controllers.AdminMessageController.Post [165]: - Inserted
2015-05-21 11:43:10,287 [19] INFO : University.Api.Controllers.Log.Notify.PushNotify [93]: - path : C:\Nithin\ThinkVidya\Ameer\Projects\University.Api\Source\CORS\University.Api\University.Api\Resources\acku.p12
2015-05-21 11:43:10,288 [19] INFO : University.Api.Controllers.Log.Notify.PushNotify [94]: - DeviceType : APPLE
2015-05-21 11:43:10,289 [19] INFO : University.Api.Controllers.Log.Notify.PushNotify [102]: - 3237
2015-05-21 11:43:10,289 [19] INFO : University.Api.Controllers.Log.Notify.PushNotify [103]: - not null : System.Byte[]
2015-05-21 11:43:17,106 [38] INFO : University.Api.Controllers.Log.Notify.ChannelCreated [196]: - Channel Created for: PushSharp.Apple.ApplePushService
2015-05-21 11:43:17,119 [66] INFO : University.Api.Controllers.Log.Notify.NotificationFailed [171]: - Failure: PushSharp.Apple.ApplePushService -> Exception of type 'PushSharp.Apple.NotificationFailureException' was thrown. -> {"aps":{"alert":"Admin Admin has posted message ","badge":7,"sound":"sound.caf"}}
2015-05-21 11:43:17,253 [19] INFO : University.Api.Controllers.Log.Notify.PushNotify [93]: - path : C:\Nithin\ThinkVidya\Ameer\Projects\University.Api\Source\CORS\University.Api\University.Api\Resources\acku.p12
2015-05-21 11:43:17,254 [19] INFO : University.Api.Controllers.Log.Notify.PushNotify [94]: - DeviceType : APPLE
2015-05-21 11:43:17,255 [19] INFO : University.Api.Controllers.Log.Notify.PushNotify [102]: - 3237
2015-05-21 11:43:17,256 [19] INFO : University.Api.Controllers.Log.Notify.PushNotify [103]: - not null : System.Byte[]
2015-05-21 11:43:22,288 [42] INFO : University.Api.Controllers.Log.Notify.ChannelCreated [196]: - Channel Created for: PushSharp.Apple.ApplePushService
2015-05-21 11:43:22,323 [67] INFO : University.Api.Controllers.Log.Notify.NotificationFailed [171]: - Failure: PushSharp.Apple.ApplePushService -> Exception of type 'PushSharp.Apple.NotificationFailureException' was thrown. -> {"aps":{"alert":"Admin Admin has posted message ","badge":7,"sound":"sound.caf"}}
2015-05-21 11:43:22,541 [19] INFO : University.Api.Controllers.Log.Notify.PushNotify [93]: - path : C:\Nithin\ThinkVidya\Ameer\Projects\University.Api\Source\CORS\University.Api\University.Api\Resources\acku.p12
2015-05-21 11:43:22,542 [19] INFO : University.Api.Controllers.Log.Notify.PushNotify [94]: - DeviceType : APPLE
2015-05-21 11:43:22,543 [19] INFO : University.Api.Controllers.Log.Notify.PushNotify [102]: - 3237
2015-05-21 11:43:22,543 [19] INFO : University.Api.Controllers.Log.Notify.PushNotify [103]: - not null : System.Byte[]
[Header]
2015-05-23 11:45:31,508 [1] INFO : University.Api.WebApiApplication.Application_Start [20]: - Application_Start - Called
2015-05-23 11:46:05,201 [10] INFO : University.Api.Controllers.StudentMarksController.Get [28]: - StudentMark HttpGet - Called
[Header]
2015-05-23 11:48:04,796 [1] INFO : University.Api.WebApiApplication.Application_Start [21]: - Application_Start - Called
2015-05-23 12:04:34,744 [18] INFO : University.Api.Controllers.StudentMarksController.Get [29]: - StudentMark HttpGet - Called
[Header]
2015-05-23 12:06:05,939 [1] INFO : University.Api.WebApiApplication.Application_Start [21]: - Application_Start - Called
2015-05-23 12:06:18,654 [8] INFO : University.Api.Controllers.StudentMarksController.Get [29]: - StudentMark HttpGet - Called
[Header]
2015-05-31 00:30:03,656 [1] INFO : University.Api.WebApiApplication.Application_Start [20]: - Application_Start - Called
[Header]
2015-05-31 00:43:02,745 [1] INFO : University.Api.WebApiApplication.Application_Start [20]: - Application_Start - Called
2015-05-31 00:43:40,940 [10] INFO : University.Api.Controllers.FileUploadController.Post [32]: - FileUpload HttpPost - Called
[Header]
2015-05-31 00:48:32,347 [1] INFO : University.Api.WebApiApplication.Application_Start [20]: - Application_Start - Called
2015-05-31 00:49:00,103 [10] INFO : University.Api.Controllers.FileUploadController.Post [32]: - FileUpload HttpPost - Called
[Header]
2015-05-31 01:06:52,353 [1] INFO : University.Api.WebApiApplication.Application_Start [20]: - Application_Start - Called
2015-05-31 01:07:17,353 [10] INFO : University.Api.Controllers.FileUploadController.Post [32]: - FileUpload HttpPost - Called
2015-05-31 01:08:31,268 [10] WARN : University.Api.Controllers.FileUploadController.Post [81]: - Invalid CurrentUser
2015-05-31 01:09:10,662 [10] INFO : University.Api.Controllers.FileUploadController.Post [32]: - FileUpload HttpPost - Called
[Header]
2015-05-31 01:13:19,340 [1] INFO : University.Api.WebApiApplication.Application_Start [20]: - Application_Start - Called
2015-05-31 01:13:42,307 [9] INFO : University.Api.Controllers.FileUploadController.Post [32]: - FileUpload HttpPost - Called
[Header]
2015-05-31 01:14:39,826 [1] INFO : University.Api.WebApiApplication.Application_Start [20]: - Application_Start - Called
2015-05-31 01:14:57,664 [11] INFO : University.Api.Controllers.FileUploadController.Post [32]: - FileUpload HttpPost - Called
2015-05-31 01:16:54,394 [9] INFO : University.Api.Controllers.FileUploadController.Post [32]: - FileUpload HttpPost - Called
[Header]
2015-05-31 01:19:52,604 [1] INFO : University.Api.WebApiApplication.Application_Start [20]: - Application_Start - Called
2015-05-31 01:20:08,199 [10] INFO : University.Api.Controllers.FileUploadController.Post [32]: - FileUpload HttpPost - Called
[Header]
2015-05-31 01:32:40,105 [1] INFO : University.Api.WebApiApplication.Application_Start [20]: - Application_Start - Called
2015-05-31 01:32:56,789 [10] INFO : University.Api.Controllers.FileUploadController.Post [32]: - FileUpload HttpPost - Called
[Header]
2015-05-31 09:37:35,647 [1] INFO : University.Api.WebApiApplication.Application_Start [20]: - Application_Start - Called
[Header]
2015-05-31 09:40:53,134 [1] INFO : University.Api.WebApiApplication.Application_Start [20]: - Application_Start - Called
[Header]
2015-05-31 09:44:27,353 [1] INFO : University.Api.WebApiApplication.Application_Start [20]: - Application_Start - Called
[Header]
2015-05-31 09:47:35,441 [1] INFO : University.Api.WebApiApplication.Application_Start [20]: - Application_Start - Called
2015-05-31 09:47:54,141 [10] INFO : University.Api.Controllers.FileUploadController.Post [32]: - FileUpload HttpPost - Called
2015-05-31 09:48:14,322 [10] WARN : University.Api.Controllers.FileUploadController.Post [65]: - Invalid Tenant
[Header]
2015-06-02 10:18:56,862 [1] INFO : University.Api.WebApiApplication.Application_Start [20]: - Application_Start - Called
2015-06-02 10:19:21,746 [8] INFO : University.Api.Controllers.StudentMarksController.Get [28]: - StudentMark HttpGet - Called
[Header]
2015-06-04 12:01:40,705 [1] INFO : University.Api.WebApiApplication.Application_Start [20]: - Application_Start - Called
2015-06-04 12:01:50,440 [8] INFO : University.Api.Controllers.AttendanceDetailsController.Post [27]: - AttendanceDetails HttpPost - Called
[Header]
2015-06-05 08:21:44,695 [1] INFO : University.Api.WebApiApplication.Application_Start [20]: - Application_Start - Called
2015-06-05 08:21:55,046 [7] INFO : University.Api.Controllers.AttendanceDetailsController.Post [27]: - AttendanceDetails HttpPost - Called
[Header]
2015-06-05 08:29:12,992 [1] INFO : University.Api.WebApiApplication.Application_Start [20]: - Application_Start - Called
2015-06-05 08:29:27,627 [9] INFO : University.Api.Controllers.AttendanceDetailsController.Post [27]: - AttendanceDetails HttpPost - Called
[Header]
2015-06-05 08:30:19,376 [1] INFO : University.Api.WebApiApplication.Application_Start [20]: - Application_Start - Called
2015-06-05 08:32:10,091 [9] INFO : University.Api.Controllers.AttendanceDetailsController.Post [27]: - AttendanceDetails HttpPost - Called
[Header]
2015-06-05 08:34:39,681 [1] INFO : University.Api.WebApiApplication.Application_Start [21]: - Application_Start - Called
2015-06-05 08:41:19,587 [9] INFO : University.Api.Controllers.AttendanceDetailsController.Post [28]: - AttendanceDetails HttpPost - Called
2015-06-05 08:43:15,401 [9] INFO : University.Api.Controllers.AttendanceDetailsController.Post [28]: - AttendanceDetails HttpPost - Called
2015-06-05 08:44:22,633 [9] INFO : University.Api.Controllers.AttendanceDetailsController.Post [28]: - AttendanceDetails HttpPost - Called
2015-06-05 08:45:05,203 [9] INFO : University.Api.Controllers.AttendanceDetailsController.Post [28]: - AttendanceDetails HttpPost - Called
2015-06-05 08:45:36,531 [11] INFO : University.Api.Controllers.AttendanceDetailsController.Post [28]: - AttendanceDetails HttpPost - Called
[Header]
2015-06-05 09:37:01,272 [1] INFO : University.Api.WebApiApplication.Application_Start [20]: - Application_Start - Called
2015-06-05 09:37:11,064 [8] INFO : University.Api.Controllers.AttendanceDetailsController.Post [27]: - AttendanceDetails HttpPost - Called
2015-06-05 09:37:30,705 [8] INFO : University.Api.Controllers.AttendanceDetailsController.Post [27]: - AttendanceDetails HttpPost - Called
2015-06-05 09:37:48,084 [8] INFO : University.Api.Controllers.AttendanceDetailsController.Post [27]: - AttendanceDetails HttpPost - Called
2015-06-05 09:38:28,046 [7] INFO : University.Api.Controllers.AttendanceDetailsController.Post [27]: - AttendanceDetails HttpPost - Called
[Header]
2015-06-05 10:56:55,995 [1] INFO : University.Api.WebApiApplication.Application_Start [20]: - Application_Start - Called
2015-06-05 10:57:01,920 [10] INFO : University.Api.Controllers.FileUploadController.Post [32]: - FileUpload HttpPost - Called
[Header]
2015-06-05 10:59:10,631 [1] INFO : University.Api.WebApiApplication.Application_Start [20]: - Application_Start - Called
2015-06-05 10:59:32,201 [9] INFO : University.Api.Controllers.FileUploadController.Post [32]: - FileUpload HttpPost - Called
[Header]
2015-06-05 11:06:44,543 [1] INFO : University.Api.WebApiApplication.Application_Start [20]: - Application_Start - Called
2015-06-05 11:06:48,023 [8] INFO : University.Api.Controllers.FileUploadController.Post [32]: - FileUpload HttpPost - Called
[Header]
2015-06-05 11:13:21,944 [1] INFO : University.Api.WebApiApplication.Application_Start [21]: - Application_Start - Called
2015-06-05 11:13:47,356 [11] INFO : University.Api.Controllers.FileUploadController.Post [33]: - FileUpload HttpPost - Called
[Header]
2015-06-05 11:16:11,356 [1] INFO : University.Api.WebApiApplication.Application_Start [21]: - Application_Start - Called
2015-06-05 11:16:15,319 [10] INFO : University.Api.Controllers.FileUploadController.Post [33]: - FileUpload HttpPost - Called
[Header]
2015-06-05 11:19:54,552 [1] INFO : University.Api.WebApiApplication.Application_Start [20]: - Application_Start - Called
2015-06-05 11:19:59,522 [10] INFO : University.Api.Controllers.FileUploadController.Post [32]: - FileUpload HttpPost - Called
[Header]
2015-06-05 11:21:15,309 [1] INFO : University.Api.WebApiApplication.Application_Start [21]: - Application_Start - Called
2015-06-05 11:21:30,085 [10] INFO : University.Api.Controllers.FileUploadController.Post [33]: - FileUpload HttpPost - Called
[Header]
2015-06-06 12:33:36,239 [1] INFO : University.Api.WebApiApplication.Application_Start [20]: - Application_Start - Called
2015-06-06 12:35:15,751 [10] INFO : University.Api.Controllers.FileUploadController.Post [32]: - FileUpload HttpPost - Called
2015-06-06 12:35:15,906 [10] ERROR: University.Api.Controllers.FileUploadController.Post [74]: - Maximum request length exceeded.
2015-06-06 12:36:35,040 [10] INFO : University.Api.Controllers.FileUploadController.Post [32]: - FileUpload HttpPost - Called
[Header]
2015-06-06 12:40:53,355 [1] INFO : University.Api.WebApiApplication.Application_Start [20]: - Application_Start - Called
[Header]
2015-06-06 12:41:56,946 [1] INFO : University.Api.WebApiApplication.Application_Start [20]: - Application_Start - Called
2015-06-06 12:42:13,468 [9] INFO : University.Api.Controllers.FileUploadController.Post [32]: - FileUpload HttpPost - Called
[Header]
2015-06-13 12:38:26,154 [1] INFO : University.Api.WebApiApplication.Application_Start [20]: - Application_Start - Called
2015-06-13 12:38:44,223 [10] INFO : University.Api.Controllers.NotificationController.Post [28]: - Notification HttpPost - Called
2015-06-13 12:38:47,505 [10] WARN : University.Api.Controllers.UnSecuredController.get_ApiUser [79]: - Not valid Token
2015-06-13 12:38:49,895 [10] WARN : University.Api.Controllers.UnSecuredController.get_ApiUser [79]: - Not valid Token
2015-06-13 12:38:49,958 [10] WARN : University.Api.Controllers.UnSecuredController.get_ApiUser [79]: - Not valid Token
2015-06-13 12:38:59,085 [10] WARN : University.Api.Controllers.UnSecuredController.get_ApiUser [79]: - Not valid Token
2015-06-13 12:39:01,038 [10] WARN : University.Api.Controllers.UnSecuredController.get_ApiUser [79]: - Not valid Token
2015-06-13 12:39:09,546 [10] WARN : University.Api.Controllers.UnSecuredController.get_ApiUser [79]: - Not valid Token
2015-06-13 12:39:14,052 [10] WARN : University.Api.Controllers.UnSecuredController.get_ApiUser [79]: - Not valid Token
2015-06-13 12:39:19,568 [10] WARN : University.Api.Controllers.UnSecuredController.get_ApiUser [79]: - Not valid Token
2015-06-13 12:40:53,617 [10] INFO : University.Api.Controllers.NotificationController.Post [28]: - Notification HttpPost - Called
2015-06-13 12:42:05,400 [10] INFO : University.Api.Controllers.NotificationController.Post [28]: - Notification HttpPost - Called
2015-06-13 12:44:51,100 [10] INFO : University.Api.Controllers.NotificationController.Post [28]: - Notification HttpPost - Called
[Header]
2015-06-13 13:37:41,030 [1] INFO : University.Api.WebApiApplication.Application_Start [20]: - Application_Start - Called
2015-06-13 13:37:45,779 [9] INFO : University.Api.Controllers.ContactUsController.Post [26]: - Contact Us HttpPost - Called
[Header]
2015-06-21 13:12:22,406 [1] INFO : University.Api.WebApiApplication.Application_Start [20]: - Application_Start - Called
2015-06-21 13:12:33,297 [8] INFO : University.Api.Controllers.LoginController.Post [25]: - Login HttpPost - Called
2015-06-21 13:12:38,273 [8] INFO : University.Api.Controllers.LoginController.Post [40]: - serializedUser has valuetestadmin1
2015-06-21 13:12:45,869 [8] INFO : University.Api.Controllers.LoginController.Post [48]: - dbuser has value
2015-06-21 13:12:53,394 [8] WARN : University.Api.Controllers.LoginController.Post [138]: - Password Mismatch
2015-06-21 13:14:27,597 [8] INFO : University.Api.Controllers.LoginController.Post [25]: - Login HttpPost - Called
2015-06-21 13:14:30,506 [8] INFO : University.Api.Controllers.LoginController.Post [40]: - serializedUser has valuetestadmin
2015-06-21 13:14:33,250 [8] WARN : University.Api.Controllers.LoginController.Post [144]: - User does not exists
2015-06-21 13:14:59,226 [8] INFO : University.Api.Controllers.LoginController.Post [25]: - Login HttpPost - Called
2015-06-21 13:15:01,898 [8] INFO : University.Api.Controllers.LoginController.Post [40]: - serializedUser has valuetestadmin
2015-06-21 13:15:04,073 [8] WARN : University.Api.Controllers.LoginController.Post [144]: - User does not exists
2015-06-21 13:15:49,212 [9] INFO : University.Api.Controllers.LoginController.Post [25]: - Login HttpPost - Called
2015-06-21 13:15:52,463 [9] INFO : University.Api.Controllers.LoginController.Post [40]: - serializedUser has valuetestadmin
2015-06-21 13:16:01,345 [9] WARN : University.Api.Controllers.LoginController.Post [144]: - User does not exists
2015-06-21 13:16:42,499 [9] INFO : University.Api.Controllers.LoginController.Post [25]: - Login HttpPost - Called
2015-06-21 13:16:46,968 [9] INFO : University.Api.Controllers.LoginController.Post [40]: - serializedUser has valuetestadmin
2015-06-21 13:16:54,895 [9] WARN : University.Api.Controllers.LoginController.Post [144]: - User does not exists
2015-06-21 13:17:59,560 [8] INFO : University.Api.Controllers.LoginController.Post [25]: - Login HttpPost - Called
2015-06-21 13:17:59,563 [8] INFO : University.Api.Controllers.LoginController.Post [40]: - serializedUser has valuetestadmin
2015-06-21 13:17:59,612 [8] WARN : University.Api.Controllers.LoginController.Post [144]: - User does not exists
2015-06-21 13:18:25,525 [8] INFO : University.Api.Controllers.LoginController.Post [25]: - Login HttpPost - Called
2015-06-21 13:18:25,528 [8] INFO : University.Api.Controllers.LoginController.Post [40]: - serializedUser has valuetestadmin
2015-06-21 13:18:25,583 [8] WARN : University.Api.Controllers.LoginController.Post [144]: - User does not exists
[Header]
2015-06-21 13:45:25,716 [1] INFO : University.Api.WebApiApplication.Application_Start [20]: - Application_Start - Called
2015-06-21 13:45:44,118 [10] INFO : University.Api.Controllers.FacultyBroadcastController.Post [172]: - Faculty BroadCast HttpPost - Called
2015-06-21 13:45:56,138 [10] WARN : University.Api.Controllers.FacultyBroadcastController.Post [236]: - Restricted user is not valid
2015-06-21 13:46:39,075 [10] INFO : University.Api.Controllers.FacultyBroadcastController.Post [172]: - Faculty BroadCast HttpPost - Called
2015-06-21 13:48:43,012 [10] INFO : University.Api.Controllers.FacultyBroadcastController.Post [172]: - Faculty BroadCast HttpPost - Called
[Header]
2015-06-21 23:21:45,359 [1] INFO : University.Api.WebApiApplication.Application_Start [20]: - Application_Start - Called
2015-06-21 23:22:03,028 [8] INFO : University.Api.Controllers.FacultyBroadcastController.Post [172]: - Faculty BroadCast HttpPost - Called
2015-06-21 23:22:34,294 [8] ERROR: University.Api.Controllers.FacultyBroadcastController.Post [303]: - Could not convert string to DateTime: 31/11/2015 59:59:00. Path '[0].ScheduleDate', line 13, position 42.
2015-06-21 23:22:57,219 [9] INFO : University.Api.Controllers.FacultyBroadcastController.Post [172]: - Faculty BroadCast HttpPost - Called
[Header]
2015-06-25 12:26:17,251 [1] INFO : University.Api.WebApiApplication.Application_Start [20]: - Application_Start - Called
2015-06-25 12:28:03,120 [10] INFO : University.Api.Controllers.StatisticsController.Post [29]: - Statistics HttpPost - Called
2015-06-25 12:29:55,952 [10] WARN : University.Api.Controllers.StatisticsController.Post [133]: - User does not exists
2015-06-25 12:30:54,323 [9] INFO : University.Api.Controllers.StatisticsController.Post [29]: - Statistics HttpPost - Called
[Header]
2015-06-27 18:43:02,110 [1] INFO : University.Api.WebApiApplication.Application_Start [20]: - Application_Start - Called
2015-06-27 18:43:52,368 [10] INFO : University.Api.Controllers.StatisticsController.Post [29]: - Statistics HttpPost - Called
2015-06-27 18:43:52,369 [9] INFO : University.Api.Controllers.StatisticsController.Post [29]: - Statistics HttpPost - Called
2015-06-27 18:43:53,982 [9] ERROR: University.Api.Controllers.UnSecuredController.get_ApiUser [83]: - Current User Error : Store update, insert, or delete statement affected an unexpected number of rows (0). Entities may have been modified or deleted since entities were loaded. See http://go.microsoft.com/fwlink/?LinkId=472540 for information on understanding and handling optimistic concurrency exceptions.
2015-06-27 18:43:53,983 [9] WARN : University.Api.Controllers.StatisticsController.Post [140]: - Invalid CurrentUser
2015-06-27 18:44:12,861 [12] INFO : University.Api.Filters.UniversityApiAuthorizationAttribute.AssignTenant [106]: - Tenant Empty
2015-06-27 18:44:52,586 [10] INFO : University.Api.Filters.UniversityApiAuthorizationAttribute.AssignTenant [106]: - Tenant Empty
2015-06-27 18:45:30,974 [9] INFO : University.Api.Filters.UniversityApiAuthorizationAttribute.AssignTenant [106]: - Tenant Empty
[Header]
2015-06-27 18:46:45,403 [1] INFO : University.Api.WebApiApplication.Application_Start [20]: - Application_Start - Called
2015-06-27 18:46:48,048 [10] INFO : University.Api.Filters.UniversityApiAuthorizationAttribute.AssignTenant [106]: - Tenant Empty
2015-06-27 18:46:58,951 [10] INFO : University.Api.Filters.UniversityApiAuthorizationAttribute.AssignTenant [106]: - Tenant Empty
2015-06-27 18:47:24,389 [10] INFO : University.Api.Filters.UniversityApiAuthorizationAttribute.AssignTenant [106]: - Tenant Empty
2015-06-27 18:47:45,494 [10] INFO : University.Api.Filters.UniversityApiAuthorizationAttribute.AssignTenant [106]: - Tenant Empty
2015-06-27 18:48:47,344 [10] INFO : University.Api.Controllers.AdvertisementController.Get [28]: - Advertisement HttpGet - Called
[Header]
2015-06-27 18:50:21,791 [1] INFO : University.Api.WebApiApplication.Application_Start [21]: - Application_Start - Called
2015-06-27 18:50:40,200 [9] INFO : University.Api.Controllers.AdvertisementController.Get [30]: - Advertisement HttpGet - Called
[Header]
2015-06-28 11:50:40,690 [1] INFO : University.Api.WebApiApplication.Application_Start [20]: - Application_Start - Called
2015-06-28 11:52:01,467 [10] INFO : University.Api.Controllers.AdminUsersController.Post [30]: - AdminUsers HttpPost - Called
2015-06-28 11:53:49,808 [10] INFO : University.Api.Controllers.AdminUsersController.Post [30]: - AdminUsers HttpPost - Called
[Header]
2015-06-28 12:01:37,596 [1] INFO : University.Api.WebApiApplication.Application_Start [20]: - Application_Start - Called
2015-06-28 12:01:47,119 [11] INFO : University.Api.Controllers.AdminUsersController.Put [112]: - AdminUsers HttpPut - Called
[Header]
2015-07-05 08:50:09,516 [1] INFO : University.Api.WebApiApplication.Application_Start [20]: - Application_Start - Called
[Footer]
[Header]
2015-07-05 08:51:46,616 [5] INFO : University.Api.WebApiApplication.Application_Start [20]: - Application_Start - Called
2015-07-05 08:52:06,282 [12] INFO : University.Api.Controllers.StatisticsController.Post [29]: - Statistics HttpPost - Called
[Header]
2015-07-12 14:24:42,336 [1] INFO : University.Api.WebApiApplication.Application_Start [20]: - Application_Start - Called
2015-07-12 14:25:41,772 [9] INFO : University.Api.Controllers.FacultyBroadcastController.Post [172]: - Faculty BroadCast HttpPost - Called
2015-07-12 14:26:11,166 [10] INFO : University.Api.Controllers.FacultyBroadcastController.Post [172]: - Faculty BroadCast HttpPost - Called
2015-07-12 14:26:38,856 [10] INFO : University.Api.Controllers.FacultyBroadcastController.Post [172]: - Faculty BroadCast HttpPost - Called
2015-07-12 14:27:30,475 [10] INFO : University.Api.Filters.UniversityApiAuthorizationAttribute.AssignTenant [106]: - Tenant Empty
2015-07-12 14:27:51,275 [10] INFO : University.Api.Filters.UniversityApiAuthorizationAttribute.AssignTenant [106]: - Tenant Empty
2015-07-12 14:29:01,088 [24] INFO : University.Api.Filters.UniversityApiAuthorizationAttribute.AssignTenant [106]: - Tenant Empty
2015-07-12 14:30:32,872 [10] INFO : University.Api.Controllers.BookCornerController.Get [30]: - BookCorner HttpGet All - Called
2015-07-12 14:30:32,876 [10] INFO : University.Api.Controllers.BookCornerController.Get [42]: - book corner NeedBooks
[Header]
2015-07-15 10:46:16,942 [1] INFO : University.Api.WebApiApplication.Application_Start [20]: - Application_Start - Called
2015-07-15 10:46:34,924 [9] INFO : University.Api.Controllers.StatisticsController.Post [29]: - Statistics HttpPost - Called
[Header]
2015-07-19 12:44:35,292 [1] INFO : University.Api.WebApiApplication.Application_Start [20]: - Application_Start - Called
2015-07-19 12:45:32,908 [10] INFO : University.Api.Controllers.BroadCastMessageController.Post [89]: - BroadCastMessage HttpPost - Called
2015-07-19 12:45:35,597 [10] WARN : University.Api.Controllers.UnSecuredController.get_ApiUser [79]: - Not valid Token
2015-07-19 12:46:10,088 [10] WARN : University.Api.Controllers.UnSecuredController.get_ApiUser [79]: - Not valid Token
2015-07-19 12:46:13,949 [10] WARN : University.Api.Controllers.UnSecuredController.get_ApiUser [79]: - Not valid Token
2015-07-19 12:46:19,347 [10] WARN : University.Api.Controllers.UnSecuredController.get_ApiUser [79]: - Not valid Token
2015-07-19 12:49:09,516 [10] INFO : University.Api.Controllers.Log.Notify.PushNotify [94]: - DeviceType : ANDROID
2015-07-19 12:49:14,583 [11] INFO : University.Api.Controllers.Log.Notify.ChannelCreated [198]: - Channel Created for: PushSharp.Android.GcmPushService
2015-07-19 12:49:15,525 [18] INFO : University.Api.Controllers.Log.Notify.NotificationSent [168]: - Sent: PushSharp.Android.GcmPushService -> {
  "collapse_key": "score_update",
  "registration_ids": [
    "APA91bG_Uvl3QDjnzq8MoDg_JS516L9m4CMeEdTHxGiCgORdPRzjFTatseTnwfwPQp08gmfa-yOvMQlNkWx9da55zzPkXY6Dh-fEgn1pCiG3op6cuydOCCdES-JqfheJ8qUCsX8KSbpDFjg7vBS12Vj_HncjI_nnPA"
  ],
  "data": {
    "message": "test09 test09 has posted message ",
    "badge": 7,
    "sound": "sound.caf"
  }
}
2015-07-19 12:50:24,031 [12] INFO : University.Api.Controllers.BroadCastMessageController.Post [89]: - BroadCastMessage HttpPost - Called
2015-07-19 12:50:33,019 [12] INFO : University.Api.Controllers.Log.Notify.PushNotify [94]: - DeviceType : ANDROID
2015-07-19 12:50:40,255 [11] INFO : University.Api.Controllers.Log.Notify.ChannelCreated [198]: - Channel Created for: PushSharp.Android.GcmPushService
2015-07-19 12:50:40,460 [22] INFO : University.Api.Controllers.Log.Notify.NotificationSent [168]: - Sent: PushSharp.Android.GcmPushService -> {
  "collapse_key": "score_update",
  "registration_ids": [
    "APA91bG_Uvl3QDjnzq8MoDg_JS516L9m4CMeEdTHxGiCgORdPRzjFTatseTnwfwPQp08gmfa-yOvMQlNkWx9da55zzPkXY6Dh-fEgn1pCiG3op6cuydOCCdES-JqfheJ8qUCsX8KSbpDFjg7vBS12Vj_HncjI_nnPA"
  ],
  "data": {
    "message": "test09 test09 has posted message ",
    "badge": 7,
    "sound": "sound.caf"
  }
}
[Header]
2015-08-01 13:14:24,008 [1] INFO : University.Api.WebApiApplication.Application_Start [20]: - Application_Start - Called
2015-08-01 13:14:49,761 [9] INFO : University.Api.Controllers.StatisticsController.Post [29]: - Statistics HttpPost - Called
2015-08-01 13:18:40,386 [9] INFO : University.Api.Controllers.StatisticsController.Post [29]: - Statistics HttpPost - Called
2015-08-01 13:22:23,509 [5] INFO : University.Api.Controllers.StatisticsController.Post [29]: - Statistics HttpPost - Called
2015-08-01 13:22:38,321 [9] INFO : University.Api.Controllers.StatisticsController.Post [29]: - Statistics HttpPost - Called
[Header]
2015-08-01 14:49:49,822 [1] INFO : University.Api.WebApiApplication.Application_Start [20]: - Application_Start - Called
2015-08-01 14:49:54,169 [9] INFO : University.Api.Controllers.LoginController.Post [25]: - Login HttpPost - Called
2015-08-01 14:49:54,314 [9] INFO : University.Api.Controllers.LoginController.Post [40]: - serializedUser has valuetestadmin1
2015-08-01 14:49:58,044 [9] INFO : University.Api.Controllers.LoginController.Post [48]: - dbuser has value
2015-08-01 14:49:58,299 [9] INFO : University.Api.Controllers.LoginController.Post [69]: - currentUser.UserId : 99
2015-08-01 14:49:58,344 [9] INFO : University.Api.Controllers.LoginController.Post [74]: - token already exists
2015-08-01 14:49:58,407 [9] INFO : University.Api.Controllers.LoginController.Post [133]: - applicationUser.UserNametestadmin1
2015-08-01 14:50:50,269 [9] INFO : University.Api.Controllers.StatisticsController.Post [29]: - Statistics HttpPost - Called
2015-08-01 14:50:58,375 [9] INFO : University.Api.Controllers.StatisticsController.Post [29]: - Statistics HttpPost - Called
[Header]
2015-08-01 15:12:48,044 [1] INFO : University.Api.WebApiApplication.Application_Start [20]: - Application_Start - Called
2015-08-01 15:13:00,638 [11] INFO : University.Api.Controllers.ResetUserPasswordController.Post [31]: - ResetUserPassword HttpPost - Called
[Header]
2015-08-01 15:16:34,433 [1] INFO : University.Api.WebApiApplication.Application_Start [20]: - Application_Start - Called
2015-08-01 15:16:35,398 [10] INFO : University.Api.Controllers.LoginController.Post [25]: - Login HttpPost - Called
2015-08-01 15:16:35,543 [10] INFO : University.Api.Controllers.LoginController.Post [40]: - serializedUser has value1facultytest
2015-08-01 15:16:37,391 [10] INFO : University.Api.Controllers.LoginController.Post [48]: - dbuser has value
2015-08-01 15:16:37,437 [10] WARN : University.Api.Controllers.LoginController.Post [138]: - Password Mismatch
2015-08-01 15:16:47,996 [10] INFO : University.Api.Controllers.LoginController.Post [25]: - Login HttpPost - Called
2015-08-01 15:16:47,997 [10] INFO : University.Api.Controllers.LoginController.Post [40]: - serializedUser has value1facultytest
2015-08-01 15:16:48,022 [10] INFO : University.Api.Controllers.LoginController.Post [48]: - dbuser has value
2015-08-01 15:16:48,051 [10] INFO : University.Api.Controllers.LoginController.Post [69]: - currentUser.UserId : 39
2015-08-01 15:16:48,104 [10] INFO : University.Api.Controllers.LoginController.Post [80]: - new token
2015-08-01 15:16:48,184 [10] INFO : University.Api.Controllers.LoginController.Post [133]: - applicationUser.UserName1facultytest
2015-08-01 15:17:25,324 [10] INFO : University.Api.Controllers.ResetUserPasswordController.Post [31]: - ResetUserPassword HttpPost - Called
[Header]
2015-08-01 15:18:22,601 [1] INFO : University.Api.WebApiApplication.Application_Start [20]: - Application_Start - Called
2015-08-01 15:18:35,071 [10] INFO : University.Api.Controllers.ResetUserPasswordController.Post [31]: - ResetUserPassword HttpPost - Called
2015-08-01 15:20:14,264 [9] INFO : University.Api.Controllers.LoginController.Post [25]: - Login HttpPost - Called
2015-08-01 15:20:14,285 [9] INFO : University.Api.Controllers.LoginController.Post [40]: - serializedUser has value1facultytest
2015-08-01 15:20:14,365 [9] INFO : University.Api.Controllers.LoginController.Post [48]: - dbuser has value
2015-08-01 15:20:14,390 [9] WARN : University.Api.Controllers.LoginController.Post [138]: - Password Mismatch
2015-08-01 15:20:18,628 [9] INFO : University.Api.Controllers.LoginController.Post [25]: - Login HttpPost - Called
2015-08-01 15:20:18,631 [9] INFO : University.Api.Controllers.LoginController.Post [40]: - serializedUser has value1facultytest
2015-08-01 15:20:18,657 [9] INFO : University.Api.Controllers.LoginController.Post [48]: - dbuser has value
2015-08-01 15:20:18,677 [9] WARN : University.Api.Controllers.LoginController.Post [138]: - Password Mismatch
2015-08-01 15:20:34,606 [9] INFO : University.Api.Controllers.LoginController.Post [25]: - Login HttpPost - Called
2015-08-01 15:20:34,612 [9] INFO : University.Api.Controllers.LoginController.Post [40]: - serializedUser has value1facultytest
2015-08-01 15:20:34,640 [9] INFO : University.Api.Controllers.LoginController.Post [48]: - dbuser has value
2015-08-01 15:20:34,659 [9] INFO : University.Api.Controllers.LoginController.Post [69]: - currentUser.UserId : 39
2015-08-01 15:20:34,702 [9] INFO : University.Api.Controllers.LoginController.Post [74]: - token already exists
2015-08-01 15:20:34,750 [9] INFO : University.Api.Controllers.LoginController.Post [133]: - applicationUser.UserName1facultytest
[Header]
2015-08-19 12:32:38,647 [1] INFO : University.Api.WebApiApplication.Application_Start [20]: - Application_Start - Called
2015-08-19 12:34:20,746 [10] INFO : University.Api.Filters.UniversityApiAuthorizationAttribute.AssignTenant [106]: - Tenant Empty
2015-08-19 12:39:51,473 [18] INFO : University.Api.Controllers.ClassController.Post [175]: - Class HttpPost - Called
2015-08-19 12:44:22,895 [11] INFO : University.Api.Controllers.ClassController.Post [175]: - Class HttpPost - Called
[Header]
2015-08-19 12:49:42,826 [1] INFO : University.Api.WebApiApplication.Application_Start [20]: - Application_Start - Called
2015-08-19 12:49:51,581 [7] INFO : University.Api.Controllers.ClassController.Post [175]: - Class HttpPost - Called
[Header]
2015-08-19 12:54:45,718 [1] INFO : University.Api.WebApiApplication.Application_Start [20]: - Application_Start - Called
2015-08-19 12:54:53,951 [9] INFO : University.Api.Controllers.ClassController.Post [175]: - Class HttpPost - Called
[Header]
2015-08-19 12:56:44,787 [1] INFO : University.Api.WebApiApplication.Application_Start [20]: - Application_Start - Called
2015-08-19 12:57:11,136 [10] ERROR: University.Api.Filters.UniversityApiAuthorizationAttribute.AssignTenant [117]: - ErCannot drop database "University" because it is currently in use.
2015-08-19 12:57:35,879 [10] ERROR: University.Api.Filters.UniversityApiAuthorizationAttribute.AssignTenant [117]: - ErCannot drop database "University" because it is currently in use.
[Header]
2015-08-19 12:59:58,303 [1] INFO : University.Api.WebApiApplication.Application_Start [20]: - Application_Start - Called
2015-08-19 13:00:16,105 [9] INFO : University.Api.Controllers.ClassController.Post [175]: - Class HttpPost - Called
[Header]
2015-08-19 13:02:02,941 [1] INFO : University.Api.WebApiApplication.Application_Start [20]: - Application_Start - Called
2015-08-19 13:02:11,742 [9] INFO : University.Api.Controllers.ClassController.Post [175]: - Class HttpPost - Called
[Header]
2015-08-19 13:04:24,316 [1] INFO : University.Api.WebApiApplication.Application_Start [20]: - Application_Start - Called
2015-08-19 13:04:29,680 [9] INFO : University.Api.Controllers.ClassController.Post [175]: - Class HttpPost - Called
[Header]
2015-08-20 10:27:04,141 [1] INFO : University.Api.WebApiApplication.Application_Start [20]: - Application_Start - Called
2015-08-20 10:47:16,876 [8] INFO : University.Api.Controllers.ClassController.Post [175]: - Class HttpPost - Called
2015-08-20 10:48:34,749 [8] INFO : University.Api.Controllers.ClassController.Post [175]: - Class HttpPost - Called
[Header]
2015-08-20 10:53:08,183 [1] INFO : University.Api.WebApiApplication.Application_Start [20]: - Application_Start - Called
2015-08-20 10:53:17,491 [9] INFO : University.Api.Controllers.ClassController.Post [175]: - Class HttpPost - Called
2015-08-20 11:18:25,941 [10] INFO : University.Api.Controllers.ClassController.Post [175]: - Class HttpPost - Called
[Header]
2015-08-20 11:21:42,653 [1] INFO : University.Api.WebApiApplication.Application_Start [20]: - Application_Start - Called
2015-08-20 11:21:54,655 [8] INFO : University.Api.Controllers.ClassController.Post [175]: - Class HttpPost - Called
[Header]
2015-08-23 10:33:36,033 [1] INFO : University.Api.WebApiApplication.Application_Start [20]: - Application_Start - Called
[Header]
2015-08-23 14:59:12,207 [1] INFO : University.Api.WebApiApplication.Application_Start [20]: - Application_Start - Called
2015-08-23 14:59:15,576 [8] INFO : University.Api.Controllers.LoginController.Post [26]: - Login HttpPost - Called
2015-08-23 14:59:15,969 [8] INFO : University.Api.Controllers.LoginController.Post [41]: - serializedUser has valuerootadmin
2015-08-23 14:59:19,704 [8] INFO : University.Api.Controllers.LoginController.Post [49]: - dbuser has value
2015-08-23 14:59:20,021 [8] INFO : University.Api.Controllers.LoginController.Post [70]: - currentUser.UserId : 2
2015-08-23 14:59:20,078 [8] INFO : University.Api.Controllers.LoginController.Post [75]: - token already exists
2015-08-23 14:59:20,180 [8] INFO : University.Api.Controllers.LoginController.Post [134]: - applicationUser.UserNamerootadmin
2015-08-23 15:00:18,156 [8] INFO : University.Api.Controllers.BookCornerController.Post [222]: - BookCorner HttpPost - Called
2015-08-23 15:01:42,627 [10] INFO : University.Api.Controllers.Log.Notify.ChannelCreated [214]: - Channel Created for: PushSharp.Android.GcmPushService
2015-08-23 15:01:43,358 [21] INFO : University.Api.Controllers.Log.Notify.DeviceSubscriptionChanged [179]: - Device Registration Changed:  Old-> APA91bEUay7ipNZQfjrWwcc_NM-aKDtvIYAvGhRe78Fi0NoDXvgjsVzcEGvZ4Q3qFKC9SVl_OE6Nd5JyDIitVc1wpjcfZkrwL7s-OzI2LhrxvlAwKLEQlZztKOZ446NSDRECsKLStyvk  New-> APA91bGvzKbvfWu00LANsxJ56qUXHnkNWSCARp-dbybSg2V3nGh8pdrgurvsGYDlg_XDf1Vmx2kiEc-SAVJ2aIF2Fxx08TCWK-GxWai0_fT06DecFoC6PbZ-KX5WxUBTJhLELgDWvoi4 -> {
  "collapse_key": "score_update",
  "registration_ids": [
    "APA91bEUay7ipNZQfjrWwcc_NM-aKDtvIYAvGhRe78Fi0NoDXvgjsVzcEGvZ4Q3qFKC9SVl_OE6Nd5JyDIitVc1wpjcfZkrwL7s-OzI2LhrxvlAwKLEQlZztKOZ446NSDRECsKLStyvk"
  ],
  "data": {
    "messagetype": "NeedBooks",
    "id": "44",
    "message": "test test has posted book - Book 7",
    "badge": 7,
    "sound": "sound.caf"
  }
}
2015-08-23 15:01:55,235 [18] INFO : University.Api.Controllers.Log.Notify.ChannelCreated [214]: - Channel Created for: PushSharp.Android.GcmPushService
2015-08-23 15:01:55,358 [26] INFO : University.Api.Controllers.Log.Notify.DeviceSubscriptionExpired [204]: - Device Subscription Expired: PushSharp.Android.GcmPushService -> APA91bGMrAMhekKYjnjfE5Lzvrb7SNfRzvzsTp-gQpmCKT2z98LtSAAu-f0fxyPKVlB_Eg6sgqz6yu8irqlKVRlSb3k7Uzx3R8i7FhVEXM-0YPIlGNel-r_XnzE69t0ug3a50ZYlzj6QLRNF0deuzvQCDk2NhPEYfg
2015-08-23 15:02:00,591 [10] INFO : University.Api.Controllers.Log.Notify.ChannelCreated [214]: - Channel Created for: PushSharp.Android.GcmPushService
2015-08-23 15:02:00,757 [17] INFO : University.Api.Controllers.Log.Notify.DeviceSubscriptionExpired [204]: - Device Subscription Expired: PushSharp.Android.GcmPushService -> APA91bHr6M_GtEoW7gwxhyJ2ZEVPV0ZleCKFtGhj5SiazVeaN0MR1fI3u2WK0f3WIMSMsRCC7daZNDOxv4xRFOOLpNkBQl_9LLSs48CoI5VPw8ppHYd_KETmxii0C2zd5SCwNC0H-xmV8cM_CF5Tv29hBvA4jY5nIA
2015-08-23 15:02:06,220 [10] INFO : University.Api.Controllers.Log.Notify.ChannelCreated [214]: - Channel Created for: PushSharp.Android.GcmPushService
2015-08-23 15:02:06,365 [26] INFO : University.Api.Controllers.Log.Notify.NotificationSent [184]: - Sent: PushSharp.Android.GcmPushService -> {
  "collapse_key": "score_update",
  "registration_ids": [
    "APA91bHnOexX7boNBnS4XpRkT4nEhCh9Mi-VzZd0JEk0dlTV8KW5k43RkrSa2JIhbmSthowEXA3gPh9VSdcTGY_liWKTJmLonmrtaeTGELuLK6CLg2hMjg89jp7MgSt7cPQ8eE_XYOi5k9BZQF1PxdMV42B0M2d9Xg"
  ],
  "data": {
    "messagetype": "NeedBooks",
    "id": "44",
    "message": "test test has posted book - Book 7",
    "badge": 7,
    "sound": "sound.caf"
  }
}
2015-08-23 15:02:12,357 [10] INFO : University.Api.Controllers.BookCornerController.Post [222]: - BookCorner HttpPost - Called
2015-08-23 15:02:12,358 [18] INFO : University.Api.Controllers.Log.Notify.ChannelCreated [214]: - Channel Created for: PushSharp.Android.GcmPushService
2015-08-23 15:02:12,999 [29] INFO : University.Api.Controllers.Log.Notify.DeviceSubscriptionExpired [204]: - Device Subscription Expired: PushSharp.Android.GcmPushService -> APA91bEcR0dBq_F9_SdZrchYV-7hxFdiPqHh84MNHKcok_F7AYLCkCDbH1x0zpVkiaj3lITC6gY8Tg-YxvPF_Fk5_RioWhxt7If_xZI4FAKikyDigNkPxhyiWOtqHwxLj5gHNq9pvIBcJGUyLRXq54IPL7kDLUChdQ
2015-08-23 15:02:37,653 [23] INFO : University.Api.Controllers.Log.Notify.ChannelCreated [214]: - Channel Created for: PushSharp.Android.GcmPushService
2015-08-23 15:02:38,266 [29] INFO : University.Api.Controllers.Log.Notify.NotificationSent [184]: - Sent: PushSharp.Android.GcmPushService -> {
  "collapse_key": "score_update",
  "registration_ids": [
    "APA91bGCv0I168JP3k5DxCUrPXKdW5-Aipy9LaQen4jjuMitgNgyqg598FGsWyWr6XJSd84K9LMOYLn9UPTUzBRGW_CbonFSpqV3rmSb3tmYAy4SNGRz6gS8f0L_OlY83ZYxETWMATCLLPAwY97l34_XJLW6kWLbOw"
  ],
  "data": {
    "messagetype": "NeedBooks",
    "id": "44",
    "message": "test test has posted book - Book 7",
    "badge": 7,
    "sound": "sound.caf"
  }
}
2015-08-23 15:02:51,007 [23] INFO : University.Api.Controllers.Log.Notify.ChannelCreated [214]: - Channel Created for: PushSharp.Android.GcmPushService
2015-08-23 15:02:52,073 [34] INFO : University.Api.Controllers.Log.Notify.NotificationSent [184]: - Sent: PushSharp.Android.GcmPushService -> {
  "collapse_key": "score_update",
  "registration_ids": [
    "APA91bFjmUwUKMnIsS32NoLSry3yMai52YguqlsyhWCwGc2pYpA1WMDpdBpQYw9XUR81ZAzeB84p3ilnsYGahiab0mosuB907UKepCmDS4wWSGA8I8Jk9lcHtV7FvL7ho3u88C1HZ8mi"
  ],
  "data": {
    "messagetype": "NeedBooks",
    "id": "44",
    "message": "test test has posted book - Book 7",
    "badge": 7,
    "sound": "sound.caf"
  }
}
2015-08-23 15:03:16,915 [8] INFO : University.Api.Controllers.Log.Notify.PushNotify [109]: - 3197
2015-08-23 15:03:37,386 [43] INFO : University.Api.Controllers.Log.Notify.ChannelCreated [214]: - Channel Created for: PushSharp.Apple.ApplePushService
2015-08-23 15:03:40,675 [46] INFO : University.Api.Controllers.Log.Notify.NotificationFailed [189]: - Failure: PushSharp.Apple.ApplePushService -> Exception of type 'PushSharp.Apple.NotificationFailureException' was thrown. -> {"aps":{"alert":"test test has posted book - Book 7","badge":7,"sound":"sound.caf"}}
2015-08-23 15:03:45,680 [8] INFO : University.Api.Controllers.Log.Notify.ChannelCreated [214]: - Channel Created for: PushSharp.Android.GcmPushService
2015-08-23 15:03:45,884 [44] INFO : University.Api.Controllers.Log.Notify.DeviceSubscriptionChanged [179]: - Device Registration Changed:  Old-> APA91bEUay7ipNZQfjrWwcc_NM-aKDtvIYAvGhRe78Fi0NoDXvgjsVzcEGvZ4Q3qFKC9SVl_OE6Nd5JyDIitVc1wpjcfZkrwL7s-OzI2LhrxvlAwKLEQlZztKOZ446NSDRECsKLStyvk  New-> APA91bGvzKbvfWu00LANsxJ56qUXHnkNWSCARp-dbybSg2V3nGh8pdrgurvsGYDlg_XDf1Vmx2kiEc-SAVJ2aIF2Fxx08TCWK-GxWai0_fT06DecFoC6PbZ-KX5WxUBTJhLELgDWvoi4 -> {
  "collapse_key": "score_update",
  "registration_ids": [
    "APA91bEUay7ipNZQfjrWwcc_NM-aKDtvIYAvGhRe78Fi0NoDXvgjsVzcEGvZ4Q3qFKC9SVl_OE6Nd5JyDIitVc1wpjcfZkrwL7s-OzI2LhrxvlAwKLEQlZztKOZ446NSDRECsKLStyvk"
  ],
  "data": {
    "messagetype": "AvailableBooks",
    "id": "45",
    "message": "test test has posted book - Book 7",
    "badge": 7,
    "sound": "sound.caf"
  }
}
[Header]
2015-08-25 20:35:01,878 [1] INFO : University.Api.WebApiApplication.Application_Start [20]: - Application_Start - Called
2015-08-25 20:35:34,880 [9] INFO : University.Api.Controllers.CollegeController.Get [26]: - College HttpGet - Called
2015-08-25 20:36:59,890 [9] INFO : University.Api.Controllers.CollegeController.Get [43]: - lstCollege count : 4
[Header]
2015-08-25 20:37:19,529 [1] INFO : University.Api.WebApiApplication.Application_Start [20]: - Application_Start - Called
2015-08-25 20:37:28,583 [10] INFO : University.Api.Controllers.CollegeController.Get [26]: - College HttpGet - Called
[Header]
2015-08-25 20:48:22,448 [1] INFO : University.Api.WebApiApplication.Application_Start [20]: - Application_Start - Called
2015-08-25 20:48:32,732 [7] INFO : University.Api.Controllers.CollegeController.Get [26]: - College HttpGet - Called
[Header]
2015-08-25 20:49:25,190 [1] INFO : University.Api.WebApiApplication.Application_Start [20]: - Application_Start - Called
2015-08-25 20:49:30,703 [11] INFO : University.Api.Controllers.CollegeController.Get [26]: - College HttpGet - Called
[Header]
2015-08-25 21:08:03,860 [1] INFO : University.Api.WebApiApplication.Application_Start [20]: - Application_Start - Called
2015-08-25 21:08:09,219 [12] INFO : University.Api.Controllers.CollegeController.Get [26]: - College HttpGet - Called
[Header]
2015-08-25 21:09:12,334 [1] INFO : University.Api.WebApiApplication.Application_Start [20]: - Application_Start - Called
2015-08-25 21:09:24,055 [10] INFO : University.Api.Controllers.CollegeController.Get [26]: - College HttpGet - Called
[Header]
2015-08-25 21:32:14,710 [1] INFO : University.Api.WebApiApplication.Application_Start [20]: - Application_Start - Called
2015-08-25 21:32:46,183 [8] INFO : University.Api.Controllers.CollegeController.Get [26]: - College HttpGet - Called
[Header]
2015-08-26 10:21:27,266 [1] INFO : University.Api.WebApiApplication.Application_Start [20]: - Application_Start - Called
2015-08-26 10:21:34,995 [9] INFO : University.Api.Controllers.FacultyBroadcastController.Get [108]: - Faculty BroadCast HttpGet - Called
2015-08-26 10:21:40,006 [10] INFO : University.Api.Controllers.FacultyBroadcastController.Post [174]: - Faculty BroadCast HttpPost - Called
[Header]
2015-09-07 18:32:16,990 [1] INFO : University.Api.WebApiApplication.Application_Start [20]: - Application_Start - Called
2015-09-07 18:32:26,320 [9] INFO : University.Api.Controllers.ContactBookOwnerController.Get [27]: - ContactBookOwner HttpGet - Called
[Header]
2015-09-07 19:00:15,627 [1] INFO : University.Api.WebApiApplication.Application_Start [20]: - Application_Start - Called
2015-09-07 19:00:25,840 [9] INFO : University.Api.Controllers.ContactBookOwnerController.Get [27]: - ContactBookOwner HttpGet - Called
2015-09-07 19:04:52,489 [10] INFO : University.Api.Controllers.ContactBookOwnerController.Get [27]: - ContactBookOwner HttpGet - Called
[Header]
2015-09-12 17:17:34,044 [1] INFO : University.Api.WebApiApplication.Application_Start [20]: - Application_Start - Called
2015-09-12 17:17:43,630 [9] INFO : University.Api.Controllers.StudentMarksController.Get [28]: - StudentMark HttpGet - Called
[Header]
2015-09-13 11:19:12,595 [1] INFO : University.Api.WebApiApplication.Application_Start [20]: - Application_Start - Called
2015-09-13 11:19:28,088 [10] INFO : University.Api.Controllers.ContactBookOwnerController.Delete [183]: - ContactBookOwner Delete - Called
[Header]
2015-09-13 11:20:33,354 [1] INFO : University.Api.WebApiApplication.Application_Start [20]: - Application_Start - Called
2015-09-13 11:20:41,488 [11] INFO : University.Api.Controllers.ContactBookOwnerController.Delete [183]: - ContactBookOwner Delete - Called
2015-09-13 11:20:50,178 [11] WARN : University.Api.Controllers.ContactBookOwnerController.Delete [223]: - ContactBookOwner does not exists
[Header]
2015-09-14 10:44:47,972 [1] INFO : University.Api.WebApiApplication.Application_Start [20]: - Application_Start - Called
2015-09-14 10:45:11,955 [7] INFO : University.Api.Controllers.TechnicalSupportController.Delete [118]: - TechnicalSupport Delete - Called
[Header]
2015-09-14 10:49:45,620 [1] INFO : University.Api.WebApiApplication.Application_Start [20]: - Application_Start - Called
2015-09-14 10:50:08,103 [9] INFO : University.Api.Controllers.AdminMessageController.Delete [278]: - AdminMessage Delete - Called
2015-09-14 10:50:16,218 [9] WARN : University.Api.Controllers.AdminMessageController.Delete [300]: - Not an admin user
2015-09-14 10:51:54,250 [10] INFO : University.Api.Controllers.AdminMessageController.Delete [278]: - AdminMessage Delete - Called
2015-09-14 10:52:39,189 [10] WARN : University.Api.Controllers.AdminMessageController.Delete [324]: - AdminMessage does not exists
2015-09-14 10:52:49,597 [10] INFO : University.Api.Controllers.AdminMessageController.Delete [278]: - AdminMessage Delete - Called
2015-09-14 10:53:26,729 [10] INFO : University.Api.Controllers.AdminMessageController.Delete [278]: - AdminMessage Delete - Called
2015-09-14 10:53:29,790 [10] WARN : University.Api.Controllers.AdminMessageController.Delete [324]: - AdminMessage does not exists
2015-09-14 10:54:13,457 [9] INFO : University.Api.Controllers.AdminMessageController.Delete [278]: - AdminMessage Delete - Called
[Header]
2015-09-14 11:10:35,366 [1] INFO : University.Api.WebApiApplication.Application_Start [20]: - Application_Start - Called
2015-09-14 11:10:47,923 [9] INFO : University.Api.Controllers.UserSearchController.Post [28]: - UserSearch HttpPost - Called
2015-09-14 11:12:19,208 [9] INFO : University.Api.Controllers.UserSearchController.Post [28]: - UserSearch HttpPost - Called
[Header]
2015-09-14 11:17:08,802 [1] INFO : University.Api.WebApiApplication.Application_Start [20]: - Application_Start - Called
2015-09-14 11:17:16,724 [9] INFO : University.Api.Controllers.UserSearchController.Post [28]: - UserSearch HttpPost - Called
2015-09-14 11:20:30,656 [9] INFO : University.Api.Controllers.UserSearchController.Post [28]: - UserSearch HttpPost - Called
[Header]
2015-09-22 23:13:48,460 [1] INFO : University.Api.WebApiApplication.Application_Start [20]: - Application_Start - Called
2015-09-22 23:14:24,504 [9] INFO : University.Api.Controllers.AdminMessageController.Post [96]: - Admin Message HttpPost - Called
2015-09-22 23:17:48,369 [12] INFO : University.Api.Controllers.Log.Notify.ChannelCreated [231]: - Channel Created for: PushSharp.Android.GcmPushService
2015-09-22 23:17:49,334 [31] INFO : University.Api.Controllers.Log.Notify.DeviceSubscriptionChanged [196]: - Device Registration Changed:  Old-> APA91bGp9MpnsuUZhKnW186bbiEbg5ZcZnTFB_cJC0K_f-THQYdp1WaDox-loO6LNY1YNCxA3dHtg2bQb2lbWvbQCTNMHFE14cSZXKG5VOZcNwrgE_GxOcHnSaPUXdgO_A-_PsSLFmrc  New-> APA91bH5Sg-m8lh82mJSf8_VdXkmmSqJNpPzZ_Y9jk7dmVAUtFSrY0UnlqVaRuerGfBja9S2AmfIxU4dcTARE4IxMfE9OAwBCSPWFxBlpaPYSEpCzqxksoRPk5KwQ6Ps287pw7WBK960 -> {
  "collapse_key": "score_update",
  "registration_ids": [
    "APA91bGp9MpnsuUZhKnW186bbiEbg5ZcZnTFB_cJC0K_f-THQYdp1WaDox-loO6LNY1YNCxA3dHtg2bQb2lbWvbQCTNMHFE14cSZXKG5VOZcNwrgE_GxOcHnSaPUXdgO_A-_PsSLFmrc"
  ],
  "data": {
    "messagetype": "AdminMessage",
    "id": "389",
    "message": "Admin Admin has posted message ",
    "badge": 7,
    "sound": "sound.caf"
  }
}
2015-09-22 23:18:00,927 [10] INFO : University.Api.Controllers.AdminMessageController.Post [96]: - Admin Message HttpPost - Called
2015-09-22 23:18:00,928 [34] INFO : University.Api.Controllers.Log.Notify.ChannelCreated [231]: - Channel Created for: PushSharp.Android.GcmPushService
2015-09-22 23:18:38,953 [38] INFO : University.Api.Controllers.Log.Notify.NotificationFailed [206]: - Failure: PushSharp.Android.GcmPushService -> Notification send timed out -> {
  "collapse_key": "score_update",
  "time_to_live": 108,
  "registration_ids": [
    "APA91bGp9MpnsuUZhKnW186bbiEbg5ZcZnTFB_cJC0K_f-THQYdp1WaDox-loO6LNY1YNCxA3dHtg2bQb2lbWvbQCTNMHFE14cSZXKG5VOZcNwrgE_GxOcHnSaPUXdgO_A-_PsSLFmrc"
  ],
  "data": {
    "messagetype": "AdminMessage",
    "id": "390",
    "message": "Admin Admin has posted message ",
    "badge": 7,
    "sound": "sound.caf"
  }
}
2015-09-22 23:18:38,985 [19] INFO : University.Api.Controllers.Log.Notify.DeviceSubscriptionChanged [196]: - Device Registration Changed:  Old-> APA91bGp9MpnsuUZhKnW186bbiEbg5ZcZnTFB_cJC0K_f-THQYdp1WaDox-loO6LNY1YNCxA3dHtg2bQb2lbWvbQCTNMHFE14cSZXKG5VOZcNwrgE_GxOcHnSaPUXdgO_A-_PsSLFmrc  New-> APA91bH5Sg-m8lh82mJSf8_VdXkmmSqJNpPzZ_Y9jk7dmVAUtFSrY0UnlqVaRuerGfBja9S2AmfIxU4dcTARE4IxMfE9OAwBCSPWFxBlpaPYSEpCzqxksoRPk5KwQ6Ps287pw7WBK960 -> {
  "collapse_key": "score_update",
  "registration_ids": [
    "APA91bGp9MpnsuUZhKnW186bbiEbg5ZcZnTFB_cJC0K_f-THQYdp1WaDox-loO6LNY1YNCxA3dHtg2bQb2lbWvbQCTNMHFE14cSZXKG5VOZcNwrgE_GxOcHnSaPUXdgO_A-_PsSLFmrc"
  ],
  "data": {
    "messagetype": "AdminMessage",
    "id": "390",
    "message": "Admin Admin has posted message ",
    "badge": 7,
    "sound": "sound.caf"
  }
}
[Header]
2015-09-22 23:20:51,871 [1] INFO : University.Api.WebApiApplication.Application_Start [20]: - Application_Start - Called
2015-09-22 23:20:58,365 [10] INFO : University.Api.Controllers.AdminMessageController.Post [96]: - Admin Message HttpPost - Called
[Header]
2015-09-22 23:22:11,200 [1] INFO : University.Api.WebApiApplication.Application_Start [20]: - Application_Start - Called
2015-09-22 23:22:16,959 [11] INFO : University.Api.Controllers.AdminMessageController.Post [96]: - Admin Message HttpPost - Called
2015-09-22 23:22:52,720 [10] INFO : University.Api.Controllers.Log.Notify.ChannelCreated [231]: - Channel Created for: PushSharp.Android.GcmPushService
2015-09-22 23:22:53,847 [21] INFO : University.Api.Controllers.Log.Notify.DeviceSubscriptionChanged [196]: - Device Registration Changed:  Old-> APA91bGp9MpnsuUZhKnW186bbiEbg5ZcZnTFB_cJC0K_f-THQYdp1WaDox-loO6LNY1YNCxA3dHtg2bQb2lbWvbQCTNMHFE14cSZXKG5VOZcNwrgE_GxOcHnSaPUXdgO_A-_PsSLFmrc  New-> APA91bH5Sg-m8lh82mJSf8_VdXkmmSqJNpPzZ_Y9jk7dmVAUtFSrY0UnlqVaRuerGfBja9S2AmfIxU4dcTARE4IxMfE9OAwBCSPWFxBlpaPYSEpCzqxksoRPk5KwQ6Ps287pw7WBK960 -> {
  "collapse_key": "score_update",
  "registration_ids": [
    "APA91bGp9MpnsuUZhKnW186bbiEbg5ZcZnTFB_cJC0K_f-THQYdp1WaDox-loO6LNY1YNCxA3dHtg2bQb2lbWvbQCTNMHFE14cSZXKG5VOZcNwrgE_GxOcHnSaPUXdgO_A-_PsSLFmrc"
  ],
  "data": {
    "messagetype": "AdminMessage",
    "id": "464",
    "message": "Admin Admin has posted message ",
    "badge": 7,
    "sound": "sound.caf"
  }
}
2015-09-22 23:23:11,440 [16] INFO : University.Api.Controllers.Log.Notify.ChannelCreated [231]: - Channel Created for: PushSharp.Android.GcmPushService
2015-09-22 23:23:11,881 [25] INFO : University.Api.Controllers.Log.Notify.DeviceSubscriptionChanged [196]: - Device Registration Changed:  Old-> APA91bGp9MpnsuUZhKnW186bbiEbg5ZcZnTFB_cJC0K_f-THQYdp1WaDox-loO6LNY1YNCxA3dHtg2bQb2lbWvbQCTNMHFE14cSZXKG5VOZcNwrgE_GxOcHnSaPUXdgO_A-_PsSLFmrc  New-> APA91bH5Sg-m8lh82mJSf8_VdXkmmSqJNpPzZ_Y9jk7dmVAUtFSrY0UnlqVaRuerGfBja9S2AmfIxU4dcTARE4IxMfE9OAwBCSPWFxBlpaPYSEpCzqxksoRPk5KwQ6Ps287pw7WBK960 -> {
  "collapse_key": "score_update",
  "registration_ids": [
    "APA91bGp9MpnsuUZhKnW186bbiEbg5ZcZnTFB_cJC0K_f-THQYdp1WaDox-loO6LNY1YNCxA3dHtg2bQb2lbWvbQCTNMHFE14cSZXKG5VOZcNwrgE_GxOcHnSaPUXdgO_A-_PsSLFmrc"
  ],
  "data": {
    "messagetype": "AdminMessage",
    "id": "465",
    "message": "Admin Admin has posted message ",
    "badge": 7,
    "sound": "sound.caf"
  }
}
2015-09-22 23:23:17,028 [12] INFO : University.Api.Controllers.Log.Notify.ChannelCreated [231]: - Channel Created for: PushSharp.Android.GcmPushService
2015-09-22 23:23:17,230 [26] INFO : University.Api.Controllers.Log.Notify.DeviceSubscriptionExpired [221]: - Device Subscription Expired: PushSharp.Android.GcmPushService -> APA91bHSBjwVISVrw31k0r2S6BzY25Rgjw-1bagkcs3DdkbvD6gTF03y4euN1FC0tkNy_sd49jaN4wEwYtwEaFi4O_wATiG91kVPEXiyyRezmtD0QkWZJjRNM2sA8rdD5t6JGGUXOp8MyoPilvVcr5DyIWjV5zUfNw
2015-09-22 23:23:22,479 [10] INFO : University.Api.Controllers.Log.Notify.ChannelCreated [231]: - Channel Created for: PushSharp.Android.GcmPushService
2015-09-22 23:23:22,999 [26] INFO : University.Api.Controllers.Log.Notify.DeviceSubscriptionChanged [196]: - Device Registration Changed:  Old-> APA91bGAy0PsDhiWfuuXmAyChb6r-WGh07l0SpN-9VrfQMehGmwJxE_x9iSbKL47FW9f3xkt3GcjxhSppu7KfZBXa2dNEOJHsaYN0KS6c9oP9u7bMRpSuI4UsvR92Jq_Ahn7mWlrquL9  New-> APA91bFh1DUNdsq99pYV30zA8FjFya8IHZNqWMoOJtQ17XWdrwY325YX5B83-4d8KtXeF_a-KsGwOPqyjiUdIszLz6Fk3OzlOeipp8ry7d5qv0UdC58l-gDzaSZAMA9qPRQJBVXP50Il -> {
  "collapse_key": "score_update",
  "registration_ids": [
    "APA91bGAy0PsDhiWfuuXmAyChb6r-WGh07l0SpN-9VrfQMehGmwJxE_x9iSbKL47FW9f3xkt3GcjxhSppu7KfZBXa2dNEOJHsaYN0KS6c9oP9u7bMRpSuI4UsvR92Jq_Ahn7mWlrquL9"
  ],
  "data": {
    "messagetype": "AdminMessage",
    "id": "473",
    "message": "Admin Admin has posted message ",
    "badge": 7,
    "sound": "sound.caf"
  }
}
2015-09-22 23:23:28,052 [10] INFO : University.Api.Controllers.Log.Notify.ChannelCreated [231]: - Channel Created for: PushSharp.Android.GcmPushService
2015-09-22 23:23:28,562 [5] INFO : University.Api.Controllers.Log.Notify.DeviceSubscriptionChanged [196]: - Device Registration Changed:  Old-> APA91bEZ4bjKnMbN6B3O9OiVi9F8qMb0Y-An0dSEpNz50uyskpyvTxva4xTCfNK2EnLmajs72CoLA6L1rWr_PETKbX8MfsJ7VEQ6EPwgh0xteWTqoigNCEGzCK1Hg9i5MOor-Du4m62Z  New-> APA91bFh1DUNdsq99pYV30zA8FjFya8IHZNqWMoOJtQ17XWdrwY325YX5B83-4d8KtXeF_a-KsGwOPqyjiUdIszLz6Fk3OzlOeipp8ry7d5qv0UdC58l-gDzaSZAMA9qPRQJBVXP50Il -> {
  "collapse_key": "score_update",
  "registration_ids": [
    "APA91bEZ4bjKnMbN6B3O9OiVi9F8qMb0Y-An0dSEpNz50uyskpyvTxva4xTCfNK2EnLmajs72CoLA6L1rWr_PETKbX8MfsJ7VEQ6EPwgh0xteWTqoigNCEGzCK1Hg9i5MOor-Du4m62Z"
  ],
  "data": {
    "messagetype": "AdminMessage",
    "id": "474",
    "message": "Admin Admin has posted message ",
    "badge": 7,
    "sound": "sound.caf"
  }
}
2015-09-22 23:23:33,627 [16] INFO : University.Api.Controllers.Log.Notify.ChannelCreated [231]: - Channel Created for: PushSharp.Android.GcmPushService
2015-09-22 23:23:34,392 [26] INFO : University.Api.Controllers.Log.Notify.DeviceSubscriptionChanged [196]: - Device Registration Changed:  Old-> APA91bEjLRwrUQgZNO31TpObR9iGNz4ADQgKF7wZE0P4ci8SyKcdrfNwlNtCK4n_p80lhPK5oCz-vbeIcBcBJ4_0Qsao-mCpbzmOouRE_XAKgpHn-YwDwqAHZgnBKfncpeGl3MsM7a-h  New-> APA91bFh1DUNdsq99pYV30zA8FjFya8IHZNqWMoOJtQ17XWdrwY325YX5B83-4d8KtXeF_a-KsGwOPqyjiUdIszLz6Fk3OzlOeipp8ry7d5qv0UdC58l-gDzaSZAMA9qPRQJBVXP50Il -> {
  "collapse_key": "score_update",
  "registration_ids": [
    "APA91bEjLRwrUQgZNO31TpObR9iGNz4ADQgKF7wZE0P4ci8SyKcdrfNwlNtCK4n_p80lhPK5oCz-vbeIcBcBJ4_0Qsao-mCpbzmOouRE_XAKgpHn-YwDwqAHZgnBKfncpeGl3MsM7a-h"
  ],
  "data": {
    "messagetype": "AdminMessage",
    "id": "475",
    "message": "Admin Admin has posted message ",
    "badge": 7,
    "sound": "sound.caf"
  }
}
2015-09-22 23:23:39,853 [12] INFO : University.Api.Controllers.Log.Notify.ChannelCreated [231]: - Channel Created for: PushSharp.Android.GcmPushService
2015-09-22 23:23:40,856 [26] INFO : University.Api.Controllers.Log.Notify.DeviceSubscriptionChanged [196]: - Device Registration Changed:  Old-> APA91bHaUsK4gIGTt2X9gVxrM8U6JyZ08TyB-dq3fmJJRYyUALDjaR0N2AvsInEbxz_cAwCtgJe-Dc8df8zd8EtI1pyjqjhfhVJtqVWDAFJL3KL3MTSVCGlLLhWdOR2pcFzbxt5c4umk  New-> APA91bFh1DUNdsq99pYV30zA8FjFya8IHZNqWMoOJtQ17XWdrwY325YX5B83-4d8KtXeF_a-KsGwOPqyjiUdIszLz6Fk3OzlOeipp8ry7d5qv0UdC58l-gDzaSZAMA9qPRQJBVXP50Il -> {
  "collapse_key": "score_update",
  "registration_ids": [
    "APA91bHaUsK4gIGTt2X9gVxrM8U6JyZ08TyB-dq3fmJJRYyUALDjaR0N2AvsInEbxz_cAwCtgJe-Dc8df8zd8EtI1pyjqjhfhVJtqVWDAFJL3KL3MTSVCGlLLhWdOR2pcFzbxt5c4umk"
  ],
  "data": {
    "messagetype": "AdminMessage",
    "id": "484",
    "message": "Admin Admin has posted message ",
    "badge": 7,
    "sound": "sound.caf"
  }
}
[Header]
2015-09-25 20:53:59,317 [1] INFO : University.Api.WebApiApplication.Application_Start [20]: - Application_Start - Called
2015-09-25 20:54:42,223 [9] WARN : University.Api.Controllers.UnSecuredController.get_ApiUser [79]: - Not valid Token
2015-09-25 20:54:45,412 [9] WARN : University.Api.Controllers.BroadCastMessageController.Post [180]: - Invalid CurrentUser
[Header]
2015-09-25 21:00:15,063 [1] INFO : University.Api.WebApiApplication.Application_Start [20]: - Application_Start - Called
[Header]
2015-09-25 21:17:58,273 [1] INFO : University.Api.WebApiApplication.Application_Start [20]: - Application_Start - Called
[Header]
2015-09-25 21:51:51,577 [1] INFO : University.Api.WebApiApplication.Application_Start [20]: - Application_Start - Called
2015-09-25 21:51:52,830 [13] INFO : University.Api.Filters.UniversityApiAuthorizationAttribute.AssignTenant [106]: - Tenant Empty
2015-09-25 21:52:01,590 [11] WARN : University.Api.Controllers.BroadCastMessageController.Post [168]: - BroadCast not found.
2015-09-25 21:52:13,713 [11] INFO : University.Api.Filters.UniversityApiAuthorizationAttribute.AssignTenant [106]: - Tenant Empty
2015-09-25 21:52:13,768 [10] WARN : University.Api.Controllers.BroadCastMessageController.Post [168]: - BroadCast not found.
2015-09-25 21:52:42,489 [12] INFO : University.Api.Filters.UniversityApiAuthorizationAttribute.AssignTenant [106]: - Tenant Empty
2015-09-25 21:52:53,765 [16] WARN : University.Api.Controllers.BroadCastMessageController.Post [168]: - BroadCast not found.
[Header]
2015-09-25 21:53:48,259 [1] INFO : University.Api.WebApiApplication.Application_Start [20]: - Application_Start - Called
2015-09-25 21:53:49,295 [10] INFO : University.Api.Filters.UniversityApiAuthorizationAttribute.AssignTenant [106]: - Tenant Empty
2015-09-25 21:54:38,547 [10] INFO : University.Api.Filters.UniversityApiAuthorizationAttribute.AssignTenant [106]: - Tenant Empty
2015-09-25 21:54:40,224 [11] WARN : University.Api.Controllers.BroadCastMessageController.Post [168]: - BroadCast not found.
2015-09-25 21:54:40,238 [13] WARN : University.Api.Controllers.BroadCastMessageController.Post [168]: - BroadCast not found.
2015-09-25 21:54:47,914 [10] INFO : University.Api.Filters.UniversityApiAuthorizationAttribute.AssignTenant [106]: - Tenant Empty
2015-09-25 21:54:56,323 [10] INFO : University.Api.Filters.UniversityApiAuthorizationAttribute.AssignTenant [106]: - Tenant Empty
[Header]
2015-09-25 22:43:16,218 [1] INFO : University.Api.WebApiApplication.Application_Start [20]: - Application_Start - Called
2015-09-25 22:44:34,373 [10] WARN : University.Api.Controllers.StudentSubscriptionController.Delete [194]: - Class does not exists
2015-09-25 22:46:49,795 [7] WARN : University.Api.Controllers.StudentSubscriptionController.Delete [194]: - Class does not exists
[Header]
2015-09-25 22:51:26,135 [1] INFO : University.Api.WebApiApplication.Application_Start [20]: - Application_Start - Called
[Header]
2015-10-10 13:07:39,142 [1] INFO : University.Api.WebApiApplication.Application_Start [20]: - Application_Start - Called
[Header]
2015-10-17 13:14:54,036 [1] INFO : University.Api.WebApiApplication.Application_Start [20]: - Application_Start - Called
